4466
0 0 9 0
8 1 9 6
7 1 7 9
6 1 6 9
5 1 5 9
4 1 4 9
0 1 3 3
2 4 3 9
0 4 1 9
9 10 9 19
8 10 8 19
0 19 7 19
6 13 7 18
0 17 5 18
0 15 5 16
4 10 5 14
2 10 3 14
0 10 1 14
9 20 9 29
0 20 8 20
0 21 8 21
0 22 8 22
0 23 8 23
7 24 8 29
5 24 6 29
3 24 4 29
0 24 2 26
0 27 2 29
9 30 9 39
8 30 8 39
7 30 7 39
6 30 6 39
0 38 5 39
0 36 5 37
4 30 5 35
2 30 3 35
0 30 1 35
0 49 9 49
0 48 9 48
0 47 9 47
0 46 9 46
8 40 9 45
6 40 7 45
4 40 5 45
2 40 3 45
0 40 1 45
9 50 9 59
8 50 8 59
7 50 7 59
6 50 6 59
0 58 5 59
4 52 5 57
0 55 3 57
0 52 3 54
0 50 3 51
0 60 9 60
0 61 9 61
0 62 9 62
0 63 9 63
8 64 9 69
6 64 7 69
4 64 5 69
0 64 3 66
0 67 3 69
9 70 9 79
8 70 8 79
6 74 7 79
0 78 5 79
0 76 5 77
4 70 5 75
2 70 3 75
0 70 1 75
0 80 0 89
1 80 1 89
2 80 2 89
3 80 8 81
3 82 3 89
4 82 9 83
4 84 9 85
4 86 6 89
7 86 9 89
0 99 9 99
0 98 9 98
0 97 9 97
0 96 9 96
8 90 9 95
6 90 7 95
4 90 5 95
2 90 3 95
0 90 1 95
0 109 9 109
0 108 9 108
0 107 9 107
0 106 9 106
8 100 9 105
6 100 7 105
4 100 5 105
2 100 3 105
0 100 1 105
0 110 0 119
1 110 1 119
2 110 2 119
3 110 3 119
4 118 9 119
4 116 9 117
4 110 5 115
6 110 7 115
8 110 9 115
4 128 9 129
0 127 9 127
0 126 9 126
8 120 9 125
6 120 7 125
4 120 5 125
2 120 3 125
0 120 1 125
0 128 3 129
0 130 9 130
0 131 9 131
0 132 9 132
0 133 9 133
0 134 1 139
2 134 3 139
4 134 9 135
4 136 6 139
7 136 9 139
0 140 9 140
0 141 9 141
0 142 9 142
0 143 9 143
0 144 9 144
0 145 9 145
7 146 9 149
4 146 6 149
2 146 3 149
0 146 1 149
9 150 9 159
8 150 8 159
7 150 7 159
6 150 6 159
0 158 5 159
0 156 5 157
4 150 5 155
2 150 3 155
0 150 1 155
9 160 9 169
8 160 8 169
7 160 7 169
6 160 6 169
0 168 5 169
0 166 5 167
0 164 5 165
3 160 5 163
0 160 2 163
0 179 9 179
0 178 9 178
0 177 9 177
0 176 9 176
8 170 9 175
6 170 7 175
4 170 5 175
0 173 3 175
0 170 3 172
9 180 9 189
8 180 8 189
7 180 7 189
6 180 6 189
0 188 5 189
0 186 5 187
4 180 5 185
2 180 3 185
0 180 1 185
0 199 9 199
0 198 9 198
9 190 9 197
7 192 8 197
1 196 6 197
5 190 6 195
0 194 4 195
3 190 4 193
0 190 2 193
0 200 0 209
1 200 1 209
2 200 2 209
3 208 8 209
3 206 8 207
3 200 4 205
5 200 6 205
7 203 9 205
7 200 9 202
9 210 9 219
8 210 8 219
7 210 7 219
1 218 6 219
1 216 6 217
5 210 6 215
3 210 4 215
0 213 2 215
0 210 2 212
0 229 9 229
0 228 9 228
0 227 9 227
0 221 1 226
2 221 3 226
4 225 9 226
4 223 9 224
4 220 6 222
7 220 9 222
0 239 9 239
0 230 0 238
1 230 1 238
2 230 2 238
3 230 3 238
4 230 4 238
5 230 5 238
6 236 9 238
6 233 9 235
6 230 9 232
0 249 9 249
0 248 9 248
0 247 9 247
0 246 9 246
8 240 9 245
6 240 7 245
4 240 5 245
2 240 3 245
0 240 1 245
10 0 19 0
10 1 19 1
10 2 19 2
10 3 19 3
18 4 19 9
16 4 17 9
14 4 15 9
12 4 13 9
10 4 11 9
10 10 10 19
11 10 11 19
12 19 19 19
12 10 12 18
13 17 18 18
13 11 14 16
15 14 18 16
15 12 19 13
15 10 19 11
19 20 19 29
18 20 18 29
10 29 17 29
16 23 17 28
10 27 15 28
10 25 15 26
10 23 15 24
13 20 15 22
10 20 12 22
19 30 19 39
18 30 18 39
10 30 17 30
16 31 17 36
15 31 15 39
14 31 14 39
10 31 13 33
12 34 13 39
10 34 11 39
19 40 19 49
18 40 18 49
17 40 17 49
16 40 16 49
10 48 15 49
10 46 15 47
14 40 15 45
12 40 13 45
10 40 11 45
19 50 19 59
18 50 18 59
17 50 17 59
16 50 16 59
10 58 15 59
10 56 15 57
14 50 15 55
12 50 13 55
10 50 11 55
10 60 19 60
10 61 19 61
10 62 19 62
10 63 19 63
18 64 19 69
16 64 17 69
14 64 15 69
12 64 13 69
10 64 11 69
10 70 10 79
11 70 11 79
12 70 19 70
12 71 17 72
12 73 19 73
12 74 13 79
14 74 15 79
16 74 17 79
18 74 19 79
10 89 19 89
10 88 19 88
18 82 19 87
12 86 17 87
16 80 17 85
14 80 15 85
10 83 13 85
10 80 13 82
19 90 19 99
10 99 18 99
10 98 18 98
10 97 18 97
10 96 18 96
17 90 18 95
15 90 16 95
10 94 14 95
12 90 14 93
10 90 11 93
19 100 19 109
18 100 18 109
17 100 17 109
16 100 16 109
15 100 15 109
11 107 14 109
10 105 14 106
13 100 14 104
10 101 12 104
10 110 19 110
10 111 19 111
10 112 19 112
10 113 11 118
12 113 13 118
14 113 19 114
14 115 19 116
14 117 16 119
17 117 19 119
10 120 10 129
11 128 16 129
11 127 19 127
11 126 19 126
11 120 12 125
13 120 14 125
15 120 16 125
17 123 19 125
17 120 19 122
10 130 10 139
11 130 11 139
12 130 12 139
13 130 13 139
14 138 19 139
14 136 19 137
14 130 15 135
16 133 19 135
16 130 19 132
10 149 19 149
10 148 19 148
19 140 19 147
17 142 18 147
16 140 16 147
10 146 15 147
14 140 15 145
10 143 13 145
10 140 13 142
10 150 19 150
10 151 11 156
12 151 12 159
13 151 13 159
14 151 19 152
14 153 19 154
14 155 15 159
16 155 19 156
16 157 19 159
10 160 19 160
10 161 19 161
18 162 19 167
12 162 17 163
16 164 17 169
10 164 15 165
13 166 15 169
10 166 12 169
19 170 19 179
10 170 18 170
18 171 18 179
17 171 17 179
15 171 16 176
14 171 14 179
10 171 13 173
12 174 13 179
10 174 11 179
10 189 19 189
10 188 19 188
10 187 19 187
10 186 19 186
18 180 19 185
16 180 17 185
14 180 15 185
12 180 13 185
10 180 11 185
10 199 19 199
10 198 19 198
10 192 11 197
12 190 12 197
13 190 13 197
14 196 19 197
14 194 19 195
14 190 16 193
17 190 19 193
10 200 10 209
11 200 11 209
12 200 12 209
13 200 13 209
14 208 19 209
14 206 19 207
14 204 19 205
14 200 16 203
17 200 19 203
19 210 19 219
18 210 18 219
10 210 17 210
10 211 17 211
12 212 17 213
16 214 17 219
10 214 15 215
13 216 15 219
10 216 12 219
10 220 10 229
11 229 19 229
11 220 11 228
12 220 12 228
13 227 18 228
13 225 18 226
13 223 18 224
13 220 15 222
16 220 19 222
10 230 10 239
11 230 16 231
11 232 19 232
11 233 19 233
11 234 12 239
13 234 14 239
15 234 19 235
15 236 19 237
15 238 19 239
10 249 19 249
10 248 19 248
10 247 19 247
10 246 19 246
18 240 19 245
16 240 17 245
14 240 15 245
12 240 13 245
10 240 11 245
29 0 29 9
28 0 28 9
27 0 27 9
26 0 26 9
25 0 25 9
24 0 24 9
23 0 23 9
20 6 22 9
20 3 22 5
20 0 22 2
20 19 29 19
20 18 29 18
20 17 29 17
20 16 29 16
28 10 29 15
26 10 27 15
24 10 25 15
22 10 23 15
20 10 21 15
29 20 29 29
28 20 28 29
22 20 27 21
20 22 27 22
20 23 27 23
26 24 27 29
24 24 25 29
20 24 23 26
20 27 23 29
20 30 20 39
21 30 21 39
22 30 22 39
23 30 23 39
24 30 29 31
24 32 29 33
24 34 25 39
26 34 27 39
28 34 29 39
20 40 20 49
21 40 21 49
22 40 22 49
23 40 23 49
24 40 24 49
25 40 25 49
26 40 26 49
27 46 29 49
27 43 29 45
27 40 29 42
20 50 20 59
21 50 21 59
22 50 22 59
23 50 23 59
24 58 29 59
24 56 29 57
24 50 25 55
26 50 27 55
28 50 29 55
20 60 29 60
20 61 29 61
20 62 29 62
20 63 29 63
20 64 29 64
20 65 29 65
26 66 29 68
23 66 25 69
20 66 22 69
20 78 25 79
20 77 29 77
20 71 21 76
22 76 29 76
22 70 23 75
24 74 29 75
24 70 26 73
27 70 29 73
26 78 29 79
29 80 29 89
20 89 28 89
27 83 28 88
26 80 26 88
20 87 25 88
20 85 25 86
24 80 25 84
22 80 23 84
20 80 21 84
20 99 29 99
20 98 29 98
20 97 29 97
20 96 29 96
28 90 29 95
26 90 27 95
24 90 25 95
22 90 23 95
20 90 21 95
29 100 29 109
28 100 28 109
20 109 27 109
20 108 27 108
22 106 27 107
26 100 27 105
24 100 25 105
22 100 23 105
20 100 21 105
20 110 29 110
20 111 29 111
20 112 29 112
20 113 29 113
28 114 29 119
20 114 27 114
26 115 27 119
23 115 25 118
20 115 22 118
20 120 29 120
20 121 29 121
20 122 29 122
20 123 29 123
24 124 29 125
27 126 29 129
21 126 26 127
21 128 26 129
20 139 29 139
20 138 29 138
20 137 29 137
28 131 29 136
22 135 27 136
26 130 27 134
24 130 25 134
20 133 23 134
20 130 23 132
20 149 29 149
20 148 29 148
20 147 29 147
20 146 29 146
28 140 29 145
26 140 27 145
20 144 25 145
20 142 25 143
20 140 25 141
20 159 29 159
20 153 21 158
22 150 22 158
23 150 23 158
24 157 29 158
24 155 29 156
24 153 29 154
24 150 26 152
27 150 29 152
20 160 20 169
21 160 21 169
22 160 22 169
23 160 23 169
24 168 29 169
24 166 29 167
24 160 25 165
26 160 27 165
28 160 29 165
29 170 29 179
28 170 28 179
22 178 27 179
22 176 27 177
26 170 27 175
24 170 25 175
20 173 23 175
20 170 23 172
20 180 29 180
20 181 29 181
20 182 29 182
20 183 29 183
28 184 29 189
26 184 27 189
24 184 25 189
20 184 23 186
20 187 23 189
24 190 29 191
20 192 29 192
20 193 29 193
28 194 29 199
26 194 27 199
24 194 25 199
22 194 23 199
20 194 21 199
20 190 23 191
20 200 29 200
20 201 29 201
20 202 29 202
20 203 29 203
28 204 29 209
26 204 27 209
24 204 25 209
22 204 23 209
20 204 21 209
20 210 20 219
21 210 21 219
22 210 22 219
23 210 23 219
24 218 29 219
24 216 29 217
24 210 25 215
26 210 27 215
28 210 29 215
20 220 20 229
21 220 21 229
22 220 22 229
23 220 23 229
24 228 29 229
24 226 29 227
24 220 25 225
26 220 27 225
28 220 29 225
20 230 20 239
21 230 21 239
22 239 29 239
22 238 29 238
22 237 29 237
22 231 23 236
24 235 29 236
24 230 25 234
26 230 27 234
28 230 29 234
20 244 21 249
22 240 22 249
23 240 23 249
24 248 29 249
24 246 29 247
24 240 25 245
26 243 29 245
26 240 29 242
30 0 30 9
31 0 31 9
32 0 32 9
33 0 33 9
34 8 39 9
34 6 39 7
34 4 39 5
34 0 36 3
37 0 39 3
30 10 30 19
31 10 31 19
32 10 32 19
33 10 33 19
34 18 39 19
34 16 39 17
34 10 35 15
36 13 39 15
36 10 39 12
30 20 39 20
30 21 31 26
32 21 32 29
33 21 33 29
34 21 39 22
34 23 39 24
34 25 39 26
34 27 36 29
37 27 39 29
30 30 39 30
30 31 39 31
30 32 39 32
30 33 39 33
30 34 31 39
32 34 33 39
34 34 35 39
36 34 39 36
36 37 39 39
30 49 39 49
30 48 39 48
39 40 39 47
37 42 38 47
31 46 36 47
35 40 36 45
33 40 34 45
30 43 32 45
30 40 32 42
30 59 39 59
30 53 31 58
32 50 32 58
33 50 33 58
34 57 39 58
34 55 39 56
34 50 35 54
36 52 39 54
36 50 39 51
30 60 30 69
31 60 31 69
32 60 39 60
32 61 37 62
32 63 39 63
32 64 33 69
34 64 39 65
34 66 39 67
34 68 39 69
30 70 30 79
31 70 31 79
32 70 32 79
33 70 33 79
34 70 34 79
35 78 39 79
35 72 36 77
37 74 39 77
37 70 39 73
34 80 39 81
30 82 39 82
30 83 39 83
38 84 39 89
36 84 37 89
34 84 35 89
32 84 33 89
30 84 31 89
30 80 33 81
30 99 39 99
30 98 39 98
38 92 39 97
37 90 37 97
36 90 36 97
30 96 35 97
34 90 35 95
32 90 33 95
30 90 31 95
30 100 39 100
30 101 39 101
30 102 39 102
30 103 39 103
38 104 39 109
36 104 37 109
34 104 35 109
32 104 33 109
30 104 31 109
38 110 39 115
37 110 37 119
36 110 36 119
30 110 35 111
30 112 35 113
34 114 35 119
32 114 33 119
30 114 31 119
30 120 39 120
30 121 39 121
30 122 39 122
30 123 39 123
38 124 39 129
36 124 37 129
34 124 35 129
30 124 33 126
30 127 33 129
39 130 39 139
38 130 38 139
32 138 37 139
30 137 37 137
30 136 37 136
36 130 37 135
34 130 35 135
32 130 33 135
30 130 31 135
39 140 39 149
38 140 38 149
37 140 37 149
36 140 36 149
30 148 35 149
30 146 35 147
34 140 35 145
32 140 33 145
30 140 31 145
30 159 39 159
30 150 30 158
31 153 32 158
33 150 33 158
34 150 34 158
35 150 35 158
36 156 39 158
36 150 37 155
38 150 39 155
39 160 39 169
38 160 38 169
32 160 37 161
32 162 37 163
36 164 37 169
34 164 35 169
32 164 33 169
30 164 31 169
30 170 30 179
31 170 31 179
32 170 32 179
33 170 33 179
34 170 39 171
34 172 39 173
34 174 35 179
36 174 37 179
38 174 39 179
34 188 39 189
30 187 39 187
38 181 39 186
36 181 37 186
32 184 35 186
33 180 35 183
30 180 32 183
30 190 30 199
31 190 39 190
31 191 39 191
31 192 32 197
33 192 34 197
35 192 35 199
36 192 39 194
36 195 39 197
36 198 39 199
34 208 39 209
38 202 39 207
37 200 37 207
31 206 36 207
35 200 36 205
33 200 34 205
30 203 32 205
30 200 32 202
39 210 39 219
38 210 38 219
37 210 37 219
36 210 36 219
30 218 35 219
30 216 35 217
34 210 35 215
32 210 33 215
30 210 31 215
30 220 30 229
31 220 39 220
31 221 39 221
31 222 31 229
32 222 39 222
32 223 33 228
34 223 39 224
34 225 39 226
34 227 36 229
37 227 39 229
30 230 39 230
30 231 39 231
30 232 39 232
30 233 31 238
32 233 37 234
32 235 33 239
34 235 35 239
36 235 37 239
38 235 39 239
39 240 39 249
38 240 38 249
30 249 37 249
32 247 37 248
30 246 37 246
36 240 37 245
34 240 35 245
30 243 33 245
30 240 33 242
49 0 49 9
43 0 48 1
40 2 48 2
40 3 48 3
47 4 48 9
45 4 46 9
43 4 44 9
40 4 42 6
40 7 42 9
49 10 49 19
43 18 48 19
40 17 48 17
40 16 48 16
47 10 48 15
45 10 46 15
43 10 44 15
40 13 42 15
40 10 42 12
49 20 49 29
48 20 48 29
47 20 47 29
46 20 46 29
40 20 45 21
40 22 45 23
44 24 45 29
40 24 43 26
40 27 43 29
49 30 49 39
40 39 48 39
40 38 48 38
40 37 48 37
40 36 48 36
47 30 48 35
45 30 46 35
43 30 44 35
40 33 42 35
40 30 42 32
40 40 40 49
41 40 41 49
42 40 49 40
42 41 49 41
42 42 43 47
44 42 49 43
44 44 45 49
46 44 47 49
48 44 49 49
40 50 49 50
40 51 49 51
40 52 49 52
40 53 49 53
48 54 49 59
46 54 47 59
44 54 45 59
42 54 43 59
40 54 41 59
40 60 49 60
40 61 49 61
40 62 49 62
40 63 49 63
40 64 41 69
42 64 43 69
44 64 45 69
46 64 49 66
46 67 49 69
49 70 49 79
48 70 48 79
47 70 47 79
46 70 46 79
40 78 45 79
40 76 45 77
40 74 45 75
43 70 45 73
40 70 42 73
40 80 49 80
40 81 49 81
40 82 49 82
40 83 49 83
48 84 49 89
46 84 47 89
44 84 45 89
40 84 43 86
40 87 43 89
49 90 49 99
48 90 48 99
47 90 47 99
46 90 46 99
40 90 45 91
40 92 45 93
44 94 45 99
42 94 43 99
40 94 41 99
40 109 49 109
40 108 49 108
40 107 49 107
40 106 49 106
48 100 49 105
46 100 47 105
44 100 45 105
42 100 43 105
40 100 41 105
49 110 49 119
43 118 48 119
40 117 48 117
40 116 48 116
47 110 48 115
45 110 46 115
40 114 44 115
42 110 44 113
40 110 41 113
40 129 49 129
40 128 49 128
49 120 49 127
48 120 48 127
42 126 47 127
46 120 47 125
44 120 45 125
42 120 43 125
40 120 41 125
40 130 40 139
41 130 41 139
42 130 42 139
43 130 48 131
43 132 43 139
44 132 49 133
44 134 45 139
46 134 47 139
48 134 49 139
40 140 49 140
40 141 40 149
41 141 41 149
42 141 49 141
42 142 43 147
44 142 49 143
44 144 45 149
46 144 47 149
48 144 49 149
49 150 49 159
48 150 48 159
47 150 47 159
46 150 46 159
45 150 45 159
44 150 44 159
40 157 43 159
40 154 43 156
42 150 43 153
40 150 41 153
40 160 49 160
40 161 49 161
40 162 49 162
40 163 49 163
48 164 49 169
46 164 47 169
44 164 45 169
42 164 43 169
40 164 41 169
40 170 49 170
49 171 49 179
48 171 48 179
40 171 47 171
46 172 47 177
40 172 45 173
44 174 45 179
42 174 43 179
40 174 41 179
40 180 40 189
41 180 41 189
42 180 42 189
43 180 43 189
44 188 49 189
44 186 49 187
44 180 45 185
46 180 47 185
48 180 49 185
40 199 49 199
40 198 49 198
40 190 40 197
41 190 41 197
42 190 42 197
43 196 48 197
43 190 44 195
45 194 49 195
45 190 47 193
48 190 49 193
40 200 49 200
40 201 49 201
49 202 49 209
48 202 48 209
46 202 47 207
40 202 45 203
44 204 45 209
42 204 43 209
40 204 41 209
40 210 49 210
40 211 49 211
40 212 41 217
42 212 43 217
44 212 44 219
45 212 49 213
45 214 49 215
45 216 47 219
48 216 49 219
40 220 49 220
40 221 49 221
40 222 49 222
40 223 49 223
48 224 49 229
46 224 47 229
44 224 45 229
42 224 43 229
40 224 41 229
49 230 49 239
47 230 48 235
41 230 46 231
41 232 46 233
45 234 46 239
43 234 44 239
40 234 42 236
40 237 42 239
40 240 49 240
40 241 49 241
40 242 49 242
40 243 49 243
48 244 49 249
46 244 47 249
44 244 45 249
42 244 43 249
40 244 41 249
59 0 59 9
58 0 58 9
57 0 57 9
56 0 56 9
50 8 55 9
50 6 55 7
54 0 55 5
52 0 53 5
50 0 51 5
59 10 59 19
50 19 58 19
57 13 58 18
56 10 56 18
50 17 55 18
50 15 55 16
54 10 55 14
52 10 53 14
50 10 51 14
50 20 50 29
51 20 51 29
52 20 59 20
52 21 59 21
52 22 57 23
52 24 53 29
54 24 59 25
54 26 56 29
57 26 59 29
59 30 59 39
58 30 58 39
57 30 57 39
56 30 56 39
50 38 55 39
50 36 55 37
54 30 55 35
52 30 53 35
50 30 51 35
50 40 50 49
51 40 59 40
51 41 59 41
51 42 52 47
53 42 53 49
54 42 59 43
54 44 55 49
56 44 57 49
58 44 59 49
59 50 59 59
50 50 58 50
53 51 58 52
50 53 58 53
57 54 58 59
55 54 56 59
53 54 54 59
50 54 52 56
50 57 52 59
59 60 59 69
58 60 58 69
50 60 57 60
56 61 57 66
50 61 55 62
50 63 55 64
54 65 55 69
52 65 53 69
50 65 51 69
59 70 59 79
58 70 58 79
57 70 57 79
56 70 56 79
50 78 55 79
50 76 55 77
54 70 55 75
52 70 53 75
50 70 51 75
58 84 59 89
57 80 57 89
56 80 56 89
50 88 55 89
50 86 55 87
54 80 55 85
52 80 53 85
50 80 51 85
59 90 59 99
50 99 58 99
50 98 58 98
57 92 58 97
56 90 56 97
50 96 55 97
54 90 55 95
52 90 53 95
50 90 51 95
59 100 59 109
50 109 58 109
50 108 58 108
50 107 58 107
50 106 58 106
50 105 58 105
50 104 58 104
56 100 58 103
50 102 55 103
50 100 55 101
50 110 59 110
50 111 59 111
50 112 59 112
50 113 59 113
50 114 51 119
52 114 53 119
54 114 59 115
54 116 56 119
57 116 59 119
58 124 59 129
57 120 57 129
56 120 56 129
50 128 55 129
50 126 55 127
54 120 55 125
50 123 53 125
50 120 53 122
50 130 50 139
51 130 59 130
51 131 59 131
51 132 51 139
52 132 53 137
54 132 59 133
54 134 55 139
56 134 59 136
56 137 59 139
50 140 51 145
52 140 52 149
53 140 53 149
54 140 59 141
54 142 59 143
54 144 55 149
56 144 57 149
58 144 59 149
58 154 59 159
52 158 57 159
56 152 57 157
50 156 55 157
54 150 55 155
50 153 53 155
50 150 53 152
56 150 59 151
59 160 59 169
50 169 58 169
58 160 58 168
52 167 57 168
50 166 57 166
56 160 57 165
54 160 55 165
52 160 53 165
50 160 51 165
59 170 59 179
58 170 58 179
57 170 57 179
56 170 56 179
50 178 55 179
50 176 55 177
54 170 55 175
52 170 53 175
50 170 51 175
59 180 59 189
58 180 58 189
57 180 57 189
56 180 56 189
50 188 55 189
50 186 55 187
54 180 55 185
52 180 53 185
50 180 51 185
58 194 59 199
57 190 57 199
56 190 56 199
50 198 55 199
50 196 55 197
50 194 55 195
53 190 55 193
50 190 52 193
50 200 59 200
50 201 59 201
50 202 59 202
50 203 59 203
58 204 59 209
56 204 57 209
54 204 55 209
52 204 53 209
50 204 51 209
58 214 59 219
57 210 57 219
56 210 56 219
50 218 55 219
50 216 55 217
54 210 55 215
52 210 53 215
50 210 51 215
50 220 59 220
50 221 59 221
50 222 59 222
50 223 59 223
58 224 59 229
56 224 57 229
54 224 55 229
52 224 53 229
50 224 51 229
50 230 59 230
50 231 59 231
50 232 59 232
50 233 59 233
50 234 51 239
52 234 53 239
54 234 59 235
54 236 56 239
57 236 59 239
50 249 59 249
50 248 59 248
50 247 59 247
50 246 59 246
58 240 59 245
56 240 57 245
54 240 55 245
50 243 53 245
50 240 53 242
69 0 69 9
68 0 68 9
67 0 67 9
66 0 66 9
60 8 65 9
60 6 65 7
64 0 65 5
62 0 63 5
60 0 61 5
60 19 69 19
60 18 69 18
60 17 69 17
60 16 69 16
68 10 69 15
66 10 67 15
64 10 65 15
62 10 63 15
60 10 61 15
60 20 60 29
61 20 61 29
62 29 69 29
62 27 67 28
62 26 69 26
62 20 63 25
64 24 69 25
64 20 66 23
67 20 69 23
69 30 69 39
63 38 68 39
60 37 68 37
60 36 68 36
67 30 68 35
65 30 66 35
60 34 64 35
63 30 64 33
60 30 62 33
60 49 69 49
60 48 69 48
60 47 69 47
60 46 69 46
68 40 69 45
66 40 67 45
64 40 65 45
62 40 63 45
60 40 61 45
69 50 69 59
68 50 68 59
67 50 67 59
61 50 66 51
65 52 66 57
64 52 64 59
60 52 63 53
62 54 63 59
60 54 61 59
60 69 69 69
60 68 69 68
60 67 69 67
60 66 69 66
68 60 69 65
66 60 67 65
64 60 65 65
62 60 63 65
60 60 61 65
60 70 69 70
60 71 69 71
60 72 69 72
60 73 69 73
68 74 69 79
66 74 67 79
64 74 65 79
62 74 63 79
60 74 61 79
60 80 69 80
60 81 69 81
60 82 69 82
60 83 69 83
68 84 69 89
66 84 67 89
64 84 65 89
60 84 63 86
60 87 63 89
60 99 69 99
60 98 69 98
60 97 69 97
60 91 61 96
62 95 67 96
62 94 69 94
62 90 63 93
64 92 69 93
64 90 69 91
60 109 69 109
60 108 69 108
60 107 69 107
60 106 69 106
60 100 61 105
62 100 63 105
64 100 65 105
66 103 69 105
66 100 69 102
60 119 69 119
60 118 69 118
68 112 69 117
62 116 67 117
66 110 67 115
64 110 65 115
60 113 63 115
60 110 63 112
69 120 69 129
60 120 68 120
63 121 68 122
60 123 68 123
67 124 68 129
65 124 66 129
60 124 64 125
62 126 64 129
60 126 61 129
60 139 69 139
60 138 69 138
60 137 69 137
60 136 69 136
68 130 69 135
66 130 67 135
64 130 65 135
60 133 63 135
60 130 63 132
60 140 60 149
61 140 61 149
62 140 62 149
63 148 68 149
63 146 68 147
63 140 64 145
65 144 69 145
65 142 69 143
65 140 69 141
69 150 69 159
68 150 68 159
67 150 67 159
66 150 66 159
60 158 65 159
60 156 65 157
64 150 65 155
62 150 63 155
60 150 61 155
60 160 69 160
60 161 69 161
60 162 69 162
60 163 69 163
68 164 69 169
66 164 67 169
64 164 65 169
62 164 63 169
60 164 61 169
60 179 69 179
60 178 69 178
60 177 69 177
60 176 69 176
68 170 69 175
66 170 67 175
64 170 65 175
62 170 63 175
60 170 61 175
69 180 69 189
60 180 68 180
60 181 68 181
68 182 68 189
66 182 67 187
60 182 65 183
64 184 65 189
62 184 63 189
60 184 61 189
69 190 69 199
60 190 68 190
68 191 68 199
60 191 67 191
66 192 67 197
60 192 65 193
64 194 65 199
62 194 63 199
60 194 61 199
69 200 69 209
68 200 68 209
67 200 67 209
61 208 66 209
65 202 66 207
64 200 64 207
60 205 63 207
62 200 63 204
60 200 61 204
69 210 69 219
68 210 68 219
67 210 67 219
66 210 66 219
60 210 65 211
60 212 65 213
64 214 65 219
62 214 63 219
60 214 61 219
60 220 60 229
61 220 61 229
62 220 62 229
63 220 63 229
64 220 64 229
65 220 65 229
66 226 68 229
66 220 67 225
68 220 69 225
68 234 69 239
67 230 67 239
66 230 66 239
65 230 65 239
61 237 64 239
63 231 64 236
60 233 62 236
60 230 62 232
60 249 69 249
60 248 69 248
60 247 69 247
60 246 69 246
68 240 69 245
66 240 67 245
64 240 65 245
62 240 63 245
60 240 61 245
70 9 79 9
70 8 79 8
70 7 79 7
70 6 79 6
70 0 71 5
72 0 73 5
74 0 75 5
76 3 79 5
76 0 79 2
70 10 70 19
71 10 71 19
72 10 72 19
73 10 73 19
74 18 79 19
74 16 79 17
74 10 75 15
76 13 79 15
76 10 79 12
70 20 71 25
72 20 72 29
73 20 73 29
74 20 79 21
74 22 79 23
74 24 75 29
76 24 77 29
78 24 79 29
70 26 71 29
79 30 79 39
78 30 78 39
77 30 77 39
76 30 76 39
75 30 75 39
74 30 74 39
73 30 73 39
72 30 72 39
70 35 71 39
70 30 71 34
70 40 70 49
71 49 79 49
71 48 79 48
71 40 71 47
72 42 73 47
74 46 79 47
74 40 75 45
76 40 77 45
78 40 79 45
70 59 79 59
70 58 79 58
70 57 79 57
70 56 79 56
78 50 79 55
76 50 77 55
74 50 75 55
72 50 73 55
70 50 71 55
79 60 79 69
70 69 78 69
70 68 78 68
70 67 78 67
70 66 78 66
77 60 78 65
75 60 76 65
70 64 74 65
72 60 74 63
70 60 71 63
70 79 79 79
70 78 79 78
70 70 70 77
71 70 71 77
72 76 77 77
72 70 73 75
74 70 75 75
76 70 77 75
78 70 79 75
70 89 79 89
70 88 79 88
70 87 79 87
70 86 79 86
70 85 79 85
70 84 79 84
77 80 79 83
75 80 76 83
72 80 74 83
70 80 71 83
74 98 79 99
70 97 79 97
70 96 79 96
70 95 79 95
77 91 79 94
71 93 76 94
73 90 76 92
70 90 72 92
70 100 79 100
70 101 79 101
70 102 70 109
71 102 72 107
73 102 73 109
74 102 79 103
74 104 75 109
76 104 77 109
78 104 79 109
70 110 70 119
71 110 71 119
72 110 72 119
73 110 73 119
74 110 74 119
75 110 75 119
76 118 79 119
76 115 79 117
76 110 77 114
78 110 79 114
70 129 79 129
79 120 79 128
78 120 78 128
76 123 77 128
70 127 75 128
70 125 75 126
74 120 75 124
72 120 73 124
70 120 71 124
70 139 79 139
70 138 79 138
70 137 79 137
70 136 79 136
78 130 79 135
76 130 77 135
74 130 75 135
72 130 73 135
70 130 71 135
70 140 70 149
71 140 71 149
72 140 72 149
73 140 73 149
74 148 79 149
74 146 79 147
74 140 75 145
76 140 77 145
78 140 79 145
74 158 79 159
74 156 79 157
78 150 79 155
76 150 77 155
73 152 75 155
70 150 75 151
79 160 79 169
78 160 78 169
77 160 77 169
76 160 76 169
70 168 75 169
70 166 75 167
74 160 75 165
72 160 73 165
70 160 71 165
70 179 79 179
70 178 79 178
78 172 79 177
76 172 77 177
70 176 75 177
74 170 75 175
72 170 73 175
70 170 71 175
79 180 79 189
78 180 78 189
77 180 77 189
71 188 76 189
75 182 76 187
70 186 74 187
70 184 74 185
73 180 74 183
70 180 72 183
70 190 79 190
70 191 79 191
70 192 79 192
70 193 79 193
70 194 79 194
70 195 79 195
77 196 79 199
75 196 76 199
73 196 74 199
70 196 72 199
70 209 79 209
70 208 79 208
70 207 79 207
70 206 79 206
78 200 79 205
76 200 77 205
74 200 75 205
72 200 73 205
70 200 71 205
70 210 70 219
71 210 71 219
72 210 72 219
73 210 73 219
74 210 79 211
74 212 79 213
74 214 75 219
76 214 77 219
78 214 79 219
79 220 79 229
78 220 78 229
77 220 77 229
76 220 76 229
70 228 75 229
70 226 75 227
74 220 75 225
72 220 73 225
70 220 71 225
79 230 79 239
70 230 78 230
70 231 78 231
70 232 78 232
77 233 78 238
71 233 76 234
75 235 76 239
71 235 74 237
70 238 74 239
79 240 79 249
77 244 78 249
76 240 76 249
70 248 75 249
70 246 75 247
70 244 75 245
73 240 75 243
70 240 72 243
77 240 78 243
89 0 89 9
88 0 88 9
87 0 87 9
86 0 86 9
80 8 85 9
80 6 85 7
84 0 85 5
82 0 83 5
80 0 81 5
80 19 89 19
80 18 89 18
80 17 89 17
88 11 89 16
82 15 87 16
86 10 87 14
80 13 85 14
83 10 85 12
80 10 82 12
80 20 80 29
81 20 81 29
82 20 82 29
83 20 83 29
84 28 89 29
84 26 89 27
84 20 85 25
86 20 87 25
88 20 89 25
80 30 80 39
81 30 81 39
82 30 82 39
83 38 88 39
83 30 83 37
84 36 89 37
84 30 85 35
86 30 87 35
88 30 89 35
80 49 89 49
80 48 89 48
80 47 89 47
80 46 89 46
88 40 89 45
86 40 87 45
84 40 85 45
82 40 83 45
80 40 81 45
80 59 89 59
80 58 89 58
80 57 89 57
80 56 89 56
88 50 89 55
86 50 87 55
84 50 85 55
82 50 83 55
80 50 81 55
80 69 89 69
80 63 81 68
82 60 82 68
83 60 83 68
84 66 87 68
84 60 85 65
86 60 87 65
88 60 89 65
89 70 89 79
83 78 88 79
83 76 88 77
87 70 88 75
85 70 86 75
80 74 84 75
80 72 84 73
80 70 84 71
88 84 89 89
87 80 87 89
86 80 86 89
80 88 85 89
80 86 85 87
80 84 85 85
83 80 85 83
80 80 82 83
80 90 89 90
80 91 89 91
80 92 89 92
80 93 89 93
88 94 89 99
86 94 87 99
84 94 85 99
82 94 83 99
80 94 81 99
80 109 89 109
80 108 89 108
80 107 89 107
80 106 89 106
88 100 89 105
86 100 87 105
84 100 85 105
82 100 83 105
80 100 81 105
89 110 89 119
88 110 88 119
87 110 87 119
81 118 86 119
85 112 86 117
84 110 84 117
80 115 83 117
82 110 83 114
80 110 81 114
80 120 80 129
81 120 81 129
82 120 82 129
83 120 83 129
84 120 84 129
85 128 89 129
85 122 86 127
87 124 89 127
87 120 89 123
80 130 89 130
80 131 89 131
80 132 89 132
80 133 89 133
88 134 89 139
86 134 87 139
84 134 85 139
82 134 83 139
80 134 81 139
89 140 89 149
83 148 88 149
80 147 88 147
80 146 88 146
80 145 88 145
80 144 88 144
86 140 88 143
83 140 85 143
80 140 82 143
89 150 89 159
80 150 88 150
88 151 88 159
82 151 87 152
80 153 87 153
86 154 87 159
84 154 85 159
82 154 83 159
80 154 81 159
88 164 89 169
87 160 87 169
86 160 86 169
80 168 85 169
80 166 85 167
80 164 85 165
83 160 85 163
80 160 82 163
80 170 80 179
81 170 81 179
82 179 89 179
82 177 87 178
82 176 89 176
82 170 83 175
84 170 85 175
86 170 87 175
88 170 89 175
80 180 80 189
81 180 81 189
82 180 82 189
83 180 83 189
84 180 89 181
84 182 89 183
84 184 85 189
86 184 87 189
88 184 89 189
80 199 89 199
89 190 89 198
80 198 88 198
80 197 88 197
87 191 88 196
85 191 86 196
83 191 84 196
80 193 82 196
80 190 82 192
80 209 89 209
80 208 89 208
80 207 89 207
80 206 89 206
88 200 89 205
86 200 87 205
80 204 85 205
83 200 85 203
80 200 82 203
80 210 80 219
81 219 89 219
81 213 82 218
83 210 83 218
84 217 89 218
84 215 89 216
84 213 89 214
84 210 86 212
87 210 89 212
80 220 80 229
81 220 81 229
82 228 87 229
82 227 89 227
82 226 89 226
82 220 83 225
84 224 89 225
84 220 86 223
87 220 89 223
80 239 89 239
80 238 89 238
80 237 89 237
80 236 89 236
88 230 89 235
86 230 87 235
84 230 85 235
82 230 83 235
80 230 81 235
89 240 89 249
88 240 88 249
87 240 87 249
86 240 86 249
80 248 85 249
80 246 85 247
84 240 85 245
82 240 83 245
80 240 81 245
90 0 95 1
90 2 99 2
90 3 99 3
90 4 91 9
92 4 93 9
94 4 95 9
96 4 99 6
96 7 99 9
90 19 99 19
90 18 99 18
90 17 99 17
90 16 99 16
90 15 99 15
90 14 99 14
90 13 99 13
90 12 99 12
95 10 99 11
90 10 94 11
90 20 90 29
91 20 92 25
93 20 93 29
94 20 99 21
94 22 99 23
94 24 95 29
96 24 99 26
96 27 99 29
99 30 99 39
90 30 98 30
90 31 98 31
90 32 98 32
90 33 98 33
97 34 98 39
95 34 96 39
93 34 94 39
90 34 92 36
90 37 92 39
90 40 90 49
91 40 91 49
92 40 92 49
93 40 93 49
94 48 99 49
94 46 99 47
94 40 95 45
96 43 99 45
96 40 99 42
99 50 99 59
98 50 98 59
97 50 97 59
96 50 96 59
90 58 95 59
90 56 95 57
94 50 95 55
92 50 93 55
90 50 91 55
90 60 90 69
91 60 91 69
92 60 92 69
93 60 93 69
94 68 99 69
94 66 99 67
94 60 95 65
96 60 97 65
98 60 99 65
90 70 95 71
90 72 99 72
90 73 99 73
90 74 91 79
92 74 93 79
94 74 95 79
96 74 97 79
98 74 99 79
99 80 99 89
90 89 98 89
97 83 98 88
96 80 96 88
95 80 95 88
94 80 94 88
90 86 93 88
92 80 93 85
90 80 91 85
90 90 90 99
91 90 91 99
92 90 92 99
93 98 98 99
93 90 93 97
94 96 99 97
94 90 95 95
96 90 97 95
98 90 99 95
99 100 99 109
90 100 98 100
98 101 98 109
97 101 97 109
96 101 96 109
95 101 95 109
94 101 94 109
93 101 93 109
90 101 92 104
90 105 92 108
94 118 99 119
90 117 99 117
98 111 99 116
96 111 97 116
90 115 95 116
94 110 95 114
90 113 93 114
90 110 93 112
90 120 90 129
91 120 91 129
92 128 97 129
92 122 93 127
94 126 99 127
94 124 99 125
94 120 96 123
97 120 99 123
90 139 99 139
90 138 99 138
90 137 99 137
90 136 99 136
98 130 99 135
96 130 97 135
94 130 95 135
92 130 93 135
90 130 91 135
94 140 99 141
90 142 99 142
90 143 99 143
98 144 99 149
96 144 97 149
90 144 95 145
90 146 95 147
90 148 95 149
99 150 99 159
90 159 98 159
98 150 98 158
90 158 97 158
92 156 97 157
96 150 97 155
90 154 95 155
93 150 95 153
90 150 92 153
99 160 99 169
98 160 98 169
92 168 97 169
96 162 97 167
90 166 95 167
94 160 95 165
92 160 93 165
90 160 91 165
99 170 99 179
98 170 98 179
97 170 97 179
96 170 96 179
90 178 95 179
90 176 95 177
94 170 95 175
92 170 93 175
90 170 91 175
99 180 99 189
98 180 98 189
90 189 97 189
97 180 97 188
91 187 96 188
91 185 96 186
91 183 96 184
93 180 96 182
90 180 92 182
90 190 90 199
91 190 91 199
92 190 92 199
93 190 93 199
94 198 99 199
94 196 99 197
94 194 99 195
94 190 96 193
97 190 99 193
90 200 99 200
98 201 99 206
97 201 97 209
96 201 96 209
95 201 95 209
94 201 94 209
90 201 93 203
92 204 93 209
90 204 91 209
90 210 90 219
91 210 91 219
92 210 92 219
93 210 93 219
94 218 99 219
94 216 99 217
94 210 95 215
96 210 97 215
98 210 99 215
99 220 99 229
98 220 98 229
97 220 97 229
96 220 96 229
95 220 95 229
91 227 94 229
90 225 94 226
93 220 94 224
90 221 92 224
90 239 99 239
90 238 99 238
90 237 99 237
90 236 99 236
98 230 99 235
96 230 97 235
90 234 95 235
93 230 95 233
90 230 92 233
90 240 99 240
90 241 99 241
90 242 99 242
90 243 99 243
98 244 99 249
96 244 97 249
94 244 95 249
90 244 93 246
90 247 93 249
100 9 109 9
100 8 109 8
100 7 109 7
100 6 109 6
108 0 109 5
106 0 107 5
100 4 105 5
103 0 105 3
100 0 102 3
109 10 109 19
103 18 108 19
103 16 108 17
100 15 108 15
100 14 108 14
106 10 108 13
100 12 105 13
100 10 105 11
100 20 100 29
101 20 101 29
102 20 102 29
103 28 108 29
103 26 108 27
103 20 104 25
105 20 106 25
107 23 109 25
107 20 109 22
100 30 100 39
101 30 101 39
102 39 109 39
102 37 107 38
102 36 109 36
102 30 103 35
104 30 105 35
106 33 109 35
106 30 109 32
109 40 109 49
108 40 108 49
107 40 107 49
106 40 106 49
100 48 105 49
100 46 105 47
104 40 105 45
100 43 103 45
100 40 103 42
109 50 109 59
108 50 108 59
107 50 107 59
106 50 106 59
105 50 105 59
104 50 104 59
100 57 103 59
100 54 103 56
102 50 103 53
100 50 101 53
100 69 109 69
100 68 109 68
100 67 109 67
100 66 109 66
100 60 101 65
102 64 107 65
102 60 104 63
105 62 109 63
105 60 109 61
109 70 109 79
108 70 108 79
107 70 107 79
106 70 106 79
100 78 105 79
100 76 105 77
104 70 105 75
102 70 103 75
100 70 101 75
109 80 109 89
108 80 108 89
107 80 107 89
106 80 106 89
100 88 105 89
100 86 105 87
104 80 105 85
102 80 103 85
100 80 101 85
109 90 109 99
108 90 108 99
107 90 107 99
106 90 106 99
100 98 105 99
100 96 105 97
104 90 105 95
100 93 103 95
100 90 103 92
100 109 109 109
100 108 109 108
100 107 109 107
100 106 109 106
108 100 109 105
106 100 107 105
100 104 105 105
103 100 105 103
100 100 102 103
108 110 109 115
107 110 107 119
106 110 106 119
100 110 105 111
100 112 105 113
100 114 105 115
103 116 105 119
100 116 102 119
100 129 109 129
100 120 100 128
101 120 101 128
102 123 103 128
104 127 109 128
104 125 109 126
104 123 109 124
104 120 106 122
107 120 109 122
100 130 100 139
101 130 101 139
102 130 102 139
103 130 103 139
104 138 109 139
104 136 109 137
104 134 109 135
104 132 109 133
104 130 109 131
109 140 109 149
108 140 108 149
102 148 107 149
100 147 107 147
100 146 107 146
106 140 107 145
104 140 105 145
102 140 103 145
100 140 101 145
109 150 109 159
100 150 108 150
108 151 108 159
106 151 107 156
100 151 105 152
100 153 105 154
100 155 105 156
103 157 105 159
100 157 102 159
100 160 109 160
100 161 109 161
100 162 109 162
108 163 109 168
102 163 107 164
106 165 107 169
104 165 105 169
102 165 103 169
100 165 101 169
100 170 109 170
100 171 109 171
109 172 109 179
103 172 108 173
100 174 108 174
100 175 108 175
106 176 108 179
103 176 105 179
100 176 102 179
109 180 109 189
108 180 108 189
107 180 107 189
106 180 106 189
100 188 105 189
100 186 105 187
104 180 105 185
100 183 103 185
100 180 103 182
109 190 109 199
100 190 108 190
100 191 108 191
100 192 108 192
100 193 108 193
107 194 108 199
105 194 106 199
100 194 104 195
102 196 104 199
100 196 101 199
100 200 100 209
101 200 101 209
102 200 102 209
103 200 103 209
104 208 109 209
104 206 109 207
104 200 105 205
106 200 107 205
108 200 109 205
109 210 109 219
108 210 108 219
107 210 107 219
101 218 106 219
101 216 106 217
105 210 106 215
103 210 104 215
100 213 102 215
100 210 102 212
100 220 109 220
104 221 109 222
100 223 109 223
108 224 109 229
106 224 107 229
100 224 105 225
103 226 105 229
100 226 102 229
100 230 100 239
101 230 101 239
102 230 102 239
103 230 103 239
104 230 104 239
105 230 105 239
106 237 109 239
106 234 109 236
106 230 107 233
108 230 109 233
100 240 100 249
101 240 101 249
102 240 102 249
103 240 103 249
104 240 109 241
104 242 109 243
104 244 109 245
104 246 106 249
107 246 109 249
110 0 119 0
110 1 119 1
110 2 119 2
110 3 119 3
110 4 119 4
110 5 119 5
110 6 119 6
116 7 119 9
113 7 115 9
110 7 112 9
119 10 119 19
118 10 118 19
117 10 117 19
116 10 116 19
115 10 115 19
114 10 114 19
110 17 113 19
112 11 113 16
110 11 111 16
110 20 110 29
111 20 111 29
112 20 112 29
113 20 113 29
114 28 119 29
114 26 119 27
114 20 115 25
116 20 117 25
118 20 119 25
110 39 119 39
110 30 110 38
111 33 112 38
113 30 113 38
114 30 114 38
115 30 115 38
116 36 119 38
116 30 117 35
118 30 119 35
110 40 110 49
111 40 111 49
112 40 112 49
113 48 118 49
113 46 118 47
113 40 114 45
115 40 116 45
117 43 119 45
117 40 119 42
110 50 110 59
111 50 111 59
112 50 112 59
113 58 118 59
113 56 118 57
113 50 114 55
115 50 116 55
117 53 119 55
117 50 119 52
119 60 119 69
118 60 118 69
117 60 117 69
116 60 116 69
110 68 115 69
110 66 115 67
114 60 115 65
112 60 113 65
110 60 111 65
110 70 110 79
111 70 111 79
112 78 117 79
112 77 119 77
112 71 113 76
114 75 119 76
114 70 115 74
116 70 117 74
118 70 119 74
110 89 119 89
110 88 119 88
110 87 119 87
110 86 119 86
118 80 119 85
116 80 117 85
114 80 115 85
112 80 113 85
110 80 111 85
119 90 119 99
110 99 118 99
110 98 118 98
117 92 118 97
116 90 116 97
110 96 115 97
110 94 115 95
113 90 115 93
110 90 112 93
119 100 119 109
118 100 118 109
117 100 117 109
116 100 116 109
110 100 115 101
110 102 115 103
114 104 115 109
112 104 113 109
110 104 111 109
110 110 119 110
110 111 119 111
110 112 119 112
110 113 119 113
118 114 119 119
116 114 117 119
114 114 115 119
112 114 113 119
110 114 111 119
119 120 119 129
118 120 118 129
117 120 117 129
116 120 116 129
110 120 115 121
110 122 115 123
114 124 115 129
112 124 113 129
110 124 111 129
110 130 119 130
110 131 119 131
110 132 119 132
110 133 119 133
118 134 119 139
116 134 117 139
114 134 115 139
110 134 113 136
110 137 113 139
119 140 119 149
118 140 118 149
117 140 117 149
116 140 116 149
110 148 115 149
110 146 115 147
114 140 115 145
110 143 113 145
110 140 113 142
110 159 119 159
110 158 119 158
110 157 119 157
110 156 119 156
118 150 119 155
116 150 117 155
114 150 115 155
112 150 113 155
110 150 111 155
110 160 119 160
110 161 119 161
110 162 119 162
110 163 119 163
118 164 119 169
116 164 117 169
110 164 115 165
113 166 115 169
110 166 112 169
110 179 119 179
110 178 119 178
110 170 110 177
111 176 116 177
111 170 112 175
113 170 114 175
115 174 119 175
115 172 119 173
115 170 119 171
119 180 119 189
118 180 118 189
117 180 117 189
116 180 116 189
110 188 115 189
110 186 115 187
114 180 115 185
112 180 113 185
110 180 111 185
110 190 110 199
111 190 119 190
111 191 111 199
112 191 119 191
112 192 117 193
112 194 113 199
114 194 115 199
116 194 117 199
118 194 119 199
110 209 119 209
110 208 119 208
110 207 119 207
110 206 119 206
110 205 119 205
110 204 119 204
110 203 119 203
110 202 119 202
110 201 119 201
110 200 119 200
119 210 119 219
118 210 118 219
117 210 117 219
111 210 116 211
111 212 116 213
115 214 116 219
113 214 114 219
110 214 112 216
110 217 112 219
110 220 119 220
110 221 119 221
110 222 119 222
110 223 119 223
118 224 119 229
116 224 117 229
110 224 115 225
113 226 115 229
110 226 112 229
119 230 119 239
113 238 118 239
110 237 118 237
110 236 118 236
117 230 118 235
111 234 116 235
111 232 116 233
111 230 116 231
110 249 119 249
110 248 119 248
110 247 119 247
110 246 119 246
110 245 119 245
110 244 119 244
117 240 119 243
114 240 116 243
112 240 113 243
110 240 111 243
120 0 120 9
121 0 126 1
121 2 129 2
121 3 129 3
121 4 122 9
123 4 124 9
125 4 129 5
125 6 126 9
127 6 129 9
120 10 120 19
121 10 121 19
122 10 122 19
123 10 123 19
124 18 129 19
124 16 129 17
124 10 125 15
126 10 127 15
128 10 129 15
120 20 129 20
126 21 129 23
128 24 129 29
126 24 127 29
120 24 125 25
120 26 125 27
120 28 125 29
120 21 123 23
129 30 129 39
128 30 128 39
127 30 127 39
121 38 126 39
121 36 126 37
125 30 126 35
120 34 124 35
123 30 124 33
120 30 122 33
120 49 129 49
120 48 129 48
120 47 129 47
120 46 129 46
120 40 121 45
122 40 123 45
124 44 129 45
124 40 126 43
127 40 129 43
120 50 129 50
120 51 129 51
120 52 129 52
120 53 129 53
128 54 129 59
126 54 127 59
124 54 125 59
122 54 123 59
120 54 121 59
120 60 120 69
121 60 121 69
122 60 122 69
123 60 123 69
124 68 129 69
124 66 129 67
124 60 125 65
126 60 127 65
128 60 129 65
120 79 129 79
120 77 125 78
120 76 129 76
120 70 121 75
122 70 123 75
124 74 129 75
124 72 129 73
124 70 129 71
120 89 129 89
120 88 129 88
120 87 129 87
120 86 129 86
120 80 121 85
122 80 123 85
124 84 129 85
124 82 129 83
124 80 129 81
120 99 129 99
120 98 129 98
129 90 129 97
120 97 128 97
120 96 128 96
127 90 128 95
125 90 126 95
123 90 124 95
120 93 122 95
120 90 122 92
129 100 129 109
120 100 128 100
128 101 128 109
120 101 127 101
126 102 127 107
120 102 125 103
124 104 125 109
120 104 123 106
120 107 123 109
120 119 129 119
120 118 129 118
128 112 129 117
127 110 127 117
121 116 126 117
125 110 126 115
123 110 124 115
120 113 122 115
120 110 122 112
120 120 120 129
121 120 121 129
122 120 129 120
122 121 122 129
123 121 124 126
125 121 125 129
126 121 129 123
126 124 127 129
128 124 129 129
120 130 120 139
121 139 129 139
121 133 122 138
123 137 128 138
123 135 128 136
123 133 128 134
123 130 126 132
127 130 129 132
129 140 129 149
128 140 128 149
127 140 127 149
126 140 126 149
120 148 125 149
120 146 125 147
124 140 125 145
122 140 123 145
120 140 121 145
120 159 129 159
128 153 129 158
127 150 127 158
126 150 126 158
120 157 125 158
120 155 125 156
124 150 125 154
122 150 123 154
120 150 121 154
120 160 129 160
120 161 129 161
120 162 129 162
128 163 129 168
122 163 127 164
126 165 127 169
120 165 125 166
122 167 125 169
120 170 120 179
121 170 121 179
122 170 122 179
123 170 123 179
124 178 129 179
124 176 129 177
124 174 129 175
124 170 126 173
127 170 129 173
120 180 120 189
121 189 129 189
121 188 129 188
121 182 122 187
123 180 123 187
124 186 129 187
124 180 125 185
126 180 127 185
128 180 129 185
120 199 129 199
120 198 129 198
129 190 129 197
127 192 128 197
126 190 126 197
120 196 125 197
124 190 125 195
122 190 123 195
120 190 121 195
120 209 129 209
120 208 129 208
120 207 129 207
120 206 129 206
128 200 129 205
126 200 127 205
124 200 125 205
122 200 123 205
120 200 121 205
129 210 129 219
128 210 128 219
127 210 127 219
126 210 126 219
120 218 125 219
120 216 125 217
124 210 125 215
122 210 123 215
120 210 121 215
120 220 120 229
121 220 121 229
122 220 122 229
123 220 123 229
124 228 129 229
124 226 129 227
124 220 125 225
126 220 127 225
128 220 129 225
120 230 129 230
120 231 129 231
120 232 129 232
120 233 129 233
128 234 129 239
126 234 127 239
124 234 125 239
122 234 123 239
120 234 121 239
120 240 120 249
121 240 121 249
122 240 122 249
123 248 128 249
123 242 124 247
125 242 126 247
127 244 129 247
127 240 129 243
123 240 126 241
139 0 139 9
138 0 138 9
137 0 137 9
131 8 136 9
131 6 136 7
135 0 136 5
130 4 134 5
132 0 134 3
130 0 131 3
130 10 130 19
131 19 139 19
131 17 136 18
131 16 139 16
131 10 132 15
133 10 134 15
135 10 136 15
137 13 139 15
137 10 139 12
134 20 139 21
130 22 139 22
130 23 139 23
138 24 139 29
136 24 137 29
134 24 135 29
132 24 133 29
130 24 131 29
139 30 139 39
138 30 138 39
137 30 137 39
131 38 136 39
131 36 136 37
135 30 136 35
130 34 134 35
132 30 134 33
130 30 131 33
139 40 139 49
130 49 138 49
138 40 138 48
130 48 137 48
137 40 137 47
131 46 136 47
135 40 136 45
133 40 134 45
130 43 132 45
130 40 132 42
139 50 139 59
130 59 138 59
138 50 138 58
132 57 137 58
130 56 137 56
136 50 137 55
134 50 135 55
132 50 133 55
130 50 131 55
130 60 139 60
130 61 139 61
130 62 139 62
130 63 139 63
130 64 131 69
132 64 133 69
134 64 135 69
136 64 139 66
136 67 139 69
139 70 139 79
130 70 138 70
130 71 138 71
137 72 138 77
136 72 136 79
130 72 135 73
134 74 135 79
130 74 133 76
130 77 133 79
139 80 139 89
138 80 138 89
137 80 137 89
136 80 136 89
135 80 135 89
134 80 134 89
130 88 133 89
132 82 133 87
130 82 131 87
130 99 139 99
130 98 139 98
130 97 139 97
130 96 139 96
130 90 131 95
132 90 133 95
134 90 135 95
136 93 139 95
136 90 139 92
130 100 139 100
130 101 139 101
130 102 139 102
130 103 139 103
138 104 139 109
136 104 137 109
134 104 135 109
132 104 133 109
130 104 131 109
130 110 130 119
131 110 131 119
132 110 132 119
133 118 138 119
133 116 138 117
133 110 134 115
135 110 136 115
137 110 138 115
139 110 139 119
130 120 139 120
130 121 139 121
130 122 139 122
130 123 131 128
132 123 137 124
132 125 139 125
132 126 133 129
134 126 136 129
137 126 139 129
130 139 139 139
130 133 131 138
132 130 132 138
133 130 133 138
134 137 139 138
134 131 135 136
136 131 137 136
138 131 139 136
130 140 139 140
130 141 139 141
138 142 139 147
137 142 137 149
136 142 136 149
130 142 135 143
134 144 135 149
132 144 133 149
130 144 131 149
130 159 139 159
130 158 139 158
130 157 139 157
130 156 139 156
130 150 131 155
132 150 133 155
134 154 139 155
134 150 136 153
137 150 139 153
130 160 130 169
131 160 131 169
132 169 139 169
132 168 139 168
132 162 133 167
134 166 139 167
134 160 135 165
136 160 137 165
138 160 139 165
139 170 139 179
130 179 138 179
138 170 138 178
132 177 137 178
130 176 137 176
136 170 137 175
130 174 135 175
130 172 135 173
130 170 135 171
139 180 139 189
138 180 138 189
137 180 137 189
136 180 136 189
130 188 135 189
130 186 135 187
134 180 135 185
132 180 133 185
130 180 131 185
130 190 139 190
130 191 139 191
130 192 139 192
130 193 139 193
130 194 131 199
132 194 133 199
134 194 139 195
134 196 136 199
137 196 139 199
130 209 139 209
130 208 139 208
130 207 139 207
130 206 139 206
138 200 139 205
136 200 137 205
134 200 135 205
132 200 133 205
130 200 131 205
130 210 139 210
130 211 139 211
130 212 139 212
130 213 139 213
138 214 139 219
136 214 137 219
130 214 135 215
130 216 135 217
130 218 135 219
130 229 139 229
130 228 139 228
130 227 139 227
130 226 139 226
138 220 139 225
136 220 137 225
134 220 135 225
132 220 133 225
130 220 131 225
139 230 139 239
138 230 138 239
130 239 137 239
132 237 137 238
130 236 137 236
136 230 137 235
130 234 135 235
133 230 135 233
130 230 132 233
130 248 135 249
130 247 139 247
130 246 139 246
130 240 131 245
132 244 137 245
132 240 134 243
135 240 137 243
138 240 139 243
140 0 149 0
140 1 149 1
140 2 149 2
140 3 149 3
148 4 149 9
146 4 147 9
144 4 145 9
142 4 143 9
140 4 141 9
140 10 149 10
140 11 149 11
140 12 149 12
140 13 149 13
140 14 149 14
140 15 149 15
140 16 149 16
144 17 149 18
140 17 143 19
140 20 140 29
141 20 141 29
142 20 142 29
143 20 143 29
144 28 149 29
144 26 149 27
144 20 145 25
146 20 147 25
148 20 149 25
149 30 149 39
140 39 148 39
140 38 148 38
140 37 148 37
140 36 148 36
147 30 148 35
145 30 146 35
140 34 144 35
143 30 144 33
140 30 142 33
140 49 149 49
140 40 140 48
141 48 149 48
141 42 142 47
143 40 143 47
144 46 149 47
144 40 145 45
146 43 149 45
146 40 149 42
140 59 149 59
140 58 149 58
140 57 149 57
140 56 149 56
148 50 149 55
146 50 147 55
140 54 145 55
143 50 145 53
140 50 142 53
140 69 149 69
140 68 149 68
140 67 149 67
140 66 149 66
148 60 149 65
146 60 147 65
140 64 145 65
143 60 145 63
140 60 142 63
148 74 149 79
147 70 147 79
146 70 146 79
145 70 145 79
144 70 144 79
140 77 143 79
140 74 143 76
140 72 143 73
140 70 143 71
140 89 149 89
140 88 149 88
148 82 149 87
146 82 147 87
140 86 145 87
140 84 145 85
143 80 145 83
140 80 142 83
149 90 149 99
147 94 148 99
146 90 146 99
140 98 145 99
140 96 145 97
140 94 145 95
143 90 145 93
140 90 142 93
149 100 149 109
140 100 148 100
140 101 148 101
148 102 148 109
147 102 147 109
141 102 146 103
145 104 146 109
143 104 144 109
140 104 142 106
140 107 142 109
149 110 149 119
148 110 148 119
147 110 147 119
146 110 146 119
145 110 145 119
144 110 144 119
143 110 143 119
140 116 142 119
140 113 142 115
140 110 142 112
140 120 140 129
141 120 141 129
142 120 142 129
143 120 143 129
144 120 149 121
144 122 149 123
144 124 145 129
146 124 147 129
148 124 149 129
140 130 140 139
141 130 141 139
142 130 142 139
143 130 143 139
144 138 149 139
144 136 149 137
144 134 149 135
144 132 149 133
144 130 149 131
140 140 149 140
149 141 149 149
148 141 148 149
146 141 147 146
140 141 145 142
140 143 145 144
144 145 145 149
142 145 143 149
140 145 141 149
149 150 149 159
147 150 148 155
145 150 146 155
144 150 144 159
140 150 143 152
140 153 143 155
142 156 143 159
140 156 141 159
145 156 148 158
140 160 149 160
140 161 149 161
140 162 141 167
142 162 142 169
143 162 143 169
144 162 149 163
144 164 145 169
146 164 147 169
148 164 149 169
140 178 145 179
140 177 149 177
140 176 149 176
140 170 141 175
142 170 143 175
144 170 145 175
146 173 149 175
146 170 149 172
144 180 149 181
140 182 149 182
140 183 149 183
148 184 149 189
146 184 147 189
144 184 145 189
142 184 143 189
140 184 141 189
140 190 149 190
140 191 149 191
140 192 149 192
140 193 149 193
148 194 149 199
146 194 147 199
144 194 145 199
142 194 143 199
140 194 141 199
148 204 149 209
147 200 147 209
146 200 146 209
140 208 145 209
140 206 145 207
140 204 145 205
143 200 145 203
140 200 142 203
140 219 149 219
140 218 149 218
140 217 149 217
140 216 149 216
148 210 149 215
146 210 147 215
140 214 145 215
143 210 145 213
140 210 142 213
140 220 149 220
140 221 149 221
140 222 149 222
140 223 149 223
148 224 149 229
146 224 147 229
144 224 145 229
140 224 143 226
140 227 143 229
149 230 149 239
148 230 148 239
147 230 147 239
146 230 146 239
140 238 145 239
140 236 145 237
140 234 145 235
140 232 145 233
140 230 145 231
149 240 149 249
148 240 148 249
140 249 147 249
140 248 147 248
140 247 147 247
140 246 147 246
146 240 147 245
144 240 145 245
142 240 143 245
140 240 141 245
158 4 159 9
157 0 157 9
151 8 156 9
151 6 156 7
155 0 156 5
153 0 154 5
150 3 152 5
150 0 152 2
150 19 159 19
150 18 159 18
150 17 159 17
150 16 159 16
158 10 159 15
156 10 157 15
154 10 155 15
152 10 153 15
150 10 151 15
159 20 159 29
158 20 158 29
157 20 157 29
156 20 156 29
150 28 155 29
150 26 155 27
150 24 155 25
153 20 155 23
150 20 152 23
150 39 159 39
150 38 159 38
150 37 159 37
150 36 159 36
150 35 159 35
150 34 159 34
150 33 159 33
156 30 159 32
153 30 155 32
150 30 152 32
150 40 150 49
151 40 151 49
152 40 152 49
153 40 153 49
154 48 159 49
154 46 159 47
154 40 155 45
156 40 157 45
158 40 159 45
150 50 150 59
151 50 151 59
152 50 152 59
153 50 153 59
154 58 159 59
154 56 159 57
154 50 155 55
156 50 157 55
158 50 159 55
150 69 159 69
150 68 159 68
150 67 159 67
158 61 159 66
152 65 157 66
150 64 157 64
155 60 157 63
152 60 154 63
150 60 151 63
150 70 150 79
151 70 151 79
152 70 159 70
152 71 152 79
153 71 158 72
153 73 158 74
153 75 158 76
153 77 156 79
157 77 159 79
159 80 159 89
158 80 158 89
157 80 157 89
156 80 156 89
150 88 155 89
150 86 155 87
154 80 155 85
152 80 153 85
150 80 151 85
159 90 159 99
158 90 158 99
157 90 157 99
156 90 156 99
150 98 155 99
150 96 155 97
154 90 155 95
152 90 153 95
150 90 151 95
150 109 159 109
150 108 159 108
150 107 159 107
150 106 159 106
158 100 159 105
156 100 157 105
154 100 155 105
152 100 153 105
150 100 151 105
159 110 159 119
158 110 158 119
157 110 157 119
156 110 156 119
150 118 155 119
150 116 155 117
154 110 155 115
152 110 153 115
150 110 151 115
150 120 150 129
151 120 151 129
152 120 152 129
153 120 153 129
154 120 154 129
155 120 155 129
156 128 159 129
156 125 159 127
156 122 159 124
156 120 159 121
159 130 159 139
150 130 158 130
150 131 158 131
150 132 158 132
150 133 158 133
157 134 158 139
155 134 156 139
150 134 154 135
152 136 154 139
150 136 151 139
154 148 159 149
150 147 159 147
150 146 159 146
158 140 159 145
156 140 157 145
154 140 155 145
152 140 153 145
150 140 151 145
159 150 159 159
158 150 158 159
157 150 157 159
156 150 156 159
150 158 155 159
150 156 155 157
154 150 155 155
150 153 153 155
150 150 153 152
159 160 159 169
158 160 158 169
150 169 157 169
150 168 157 168
150 167 157 167
150 166 157 166
156 160 157 165
154 160 155 165
152 160 153 165
150 160 151 165
159 170 159 179
158 170 158 179
157 170 157 179
156 170 156 179
150 178 155 179
150 176 155 177
154 170 155 175
152 170 153 175
150 170 151 175
150 180 159 180
150 181 151 186
152 181 152 189
153 181 153 189
154 181 159 182
154 183 159 184
154 185 159 186
154 187 156 189
157 187 159 189
158 194 159 199
157 190 157 199
156 190 156 199
150 198 155 199
150 196 155 197
154 190 155 195
152 190 153 195
150 190 151 195
159 200 159 209
158 200 158 209
157 200 157 209
151 208 156 209
151 206 156 207
155 200 156 205
150 204 154 205
152 200 154 203
150 200 151 203
150 219 159 219
150 218 159 218
159 210 159 217
158 210 158 217
152 216 157 217
156 210 157 215
150 214 155 215
153 210 155 213
150 210 152 213
150 229 159 229
150 228 159 228
150 227 159 227
150 226 159 226
158 220 159 225
156 220 157 225
154 220 155 225
152 220 153 225
150 220 151 225
150 230 159 230
154 231 159 232
150 233 159 233
150 234 159 234
157 235 159 238
154 235 156 238
152 235 153 239
150 235 151 239
159 240 159 249
158 240 158 249
157 240 157 249
156 240 156 249
150 248 155 249
150 246 155 247
154 240 155 245
152 240 153 245
150 240 151 245
160 9 169 9
160 8 169 8
160 7 169 7
160 6 169 6
168 0 169 5
166 0 167 5
164 0 165 5
162 0 163 5
160 0 161 5
160 19 169 19
168 13 169 18
167 10 167 18
166 10 166 18
165 10 165 18
164 10 164 18
160 16 163 18
162 10 163 15
160 10 161 15
160 20 160 29
161 20 161 29
162 20 162 29
163 20 163 29
164 28 169 29
164 26 169 27
164 20 165 25
166 20 167 25
168 20 169 25
160 30 160 39
161 30 161 39
162 30 162 39
163 30 163 39
164 38 169 39
164 36 169 37
164 30 165 35
166 30 167 35
168 30 169 35
169 40 169 49
163 48 168 49
160 47 168 47
167 41 168 46
161 45 166 46
161 43 166 44
164 40 166 42
160 40 163 42
164 50 169 51
160 52 169 52
160 53 169 53
168 54 169 59
166 54 167 59
164 54 165 59
162 54 163 59
160 54 161 59
169 60 169 69
167 64 168 69
166 60 166 69
160 68 165 69
160 66 165 67
160 64 165 65
163 60 165 63
160 60 162 63
169 70 169 79
168 70 168 79
167 70 167 79
166 70 166 79
160 78 165 79
160 76 165 77
164 70 165 75
162 70 163 75
160 70 161 75
160 80 160 89
161 89 169 89
161 88 169 88
161 86 166 87
161 85 169 85
161 80 162 84
163 83 168 84
163 80 166 82
167 80 169 82
164 98 169 99
160 97 169 97
160 96 169 96
168 90 169 95
166 90 167 95
164 90 165 95
160 93 163 95
160 90 163 92
160 98 163 99
160 109 169 109
160 108 169 108
160 100 160 107
161 107 169 107
161 101 162 106
163 105 168 106
163 103 168 104
163 100 166 102
167 100 169 102
160 110 169 110
164 111 169 112
160 113 169 113
168 114 169 119
166 114 167 119
160 114 165 115
163 116 165 119
160 116 162 119
160 120 169 120
160 121 169 121
168 122 169 127
166 122 167 127
160 122 165 123
164 124 165 129
162 124 163 129
160 124 161 129
160 130 160 139
161 130 161 139
162 138 167 139
162 136 167 137
162 130 163 135
164 134 169 135
164 132 169 133
164 130 169 131
160 140 160 149
161 140 161 149
162 140 162 149
163 140 166 142
163 143 168 144
163 145 168 146
163 147 166 149
167 147 169 149
169 150 169 159
168 150 168 159
167 150 167 159
166 150 166 159
160 158 165 159
160 156 165 157
164 150 165 155
162 150 163 155
160 150 161 155
160 169 169 169
160 168 169 168
160 167 169 167
160 166 169 166
168 160 169 165
166 160 167 165
160 164 165 165
163 160 165 163
160 160 162 163
169 170 169 179
168 170 168 179
167 170 167 179
166 170 166 179
160 170 165 171
160 172 165 173
164 174 165 179
160 174 163 176
160 177 163 179
169 180 169 189
160 189 168 189
160 188 168 188
167 182 168 187
161 186 166 187
165 180 166 185
160 184 164 185
163 180 164 183
160 180 162 183
164 198 169 199
160 197 169 197
160 196 169 196
168 190 169 195
166 190 167 195
164 190 165 195
162 190 163 195
160 190 161 195
160 204 161 209
162 200 162 209
163 200 163 209
164 208 169 209
164 206 169 207
164 200 165 205
166 200 167 205
168 200 169 205
169 210 169 219
168 210 168 219
167 210 167 219
166 210 166 219
160 218 165 219
160 216 165 217
164 210 165 215
162 210 163 215
160 210 161 215
160 220 169 220
160 221 169 221
160 222 169 222
160 223 169 223
168 224 169 229
166 224 167 229
164 224 165 229
162 224 163 229
160 224 161 229
169 230 169 239
168 230 168 239
167 230 167 239
161 230 166 231
161 232 166 233
165 234 166 239
160 234 164 235
163 236 164 239
160 236 162 239
160 249 169 249
160 248 169 248
160 247 169 247
160 246 169 246
168 240 169 245
166 240 167 245
164 240 165 245
162 240 163 245
160 240 161 245
170 9 179 9
170 8 179 8
170 7 179 7
170 1 171 6
172 6 179 6
172 0 173 5
174 4 179 5
174 2 179 3
174 0 179 1
170 10 179 10
170 11 179 11
170 12 179 12
170 13 179 13
178 14 179 19
176 14 177 19
174 14 175 19
172 14 173 19
170 14 171 19
178 20 179 25
177 20 177 29
176 20 176 29
170 20 175 21
170 22 175 23
174 24 175 29
172 24 173 29
170 24 171 29
178 26 179 29
170 39 179 39
170 38 179 38
179 30 179 37
177 32 178 37
176 30 176 37
170 36 175 37
174 30 175 35
172 30 173 35
170 30 171 35
170 40 170 49
171 40 171 49
172 40 172 49
173 40 173 49
174 40 179 41
174 42 179 43
174 44 175 49
176 44 177 49
178 44 179 49
179 50 179 59
178 50 178 59
177 50 177 59
176 50 176 59
170 58 175 59
170 56 175 57
174 50 175 55
172 50 173 55
170 50 171 55
179 60 179 69
170 69 178 69
170 68 178 68
177 62 178 67
171 66 176 67
175 60 176 65
170 64 174 65
170 62 174 63
170 60 174 61
179 70 179 79
178 70 178 79
177 70 177 79
176 70 176 79
170 78 175 79
170 76 175 77
174 70 175 75
172 70 173 75
170 70 171 75
179 80 179 89
178 80 178 89
177 80 177 89
176 80 176 89
170 88 175 89
170 86 175 87
174 80 175 85
172 80 173 85
170 80 171 85
170 99 179 99
170 98 179 98
170 97 179 97
170 96 179 96
178 90 179 95
176 90 177 95
170 94 175 95
173 90 175 93
170 90 172 93
170 100 179 100
170 101 179 101
170 102 179 102
170 103 171 108
172 103 173 108
174 103 175 108
176 103 178 106
176 107 179 109
170 110 170 119
171 110 171 119
172 110 172 119
173 118 178 119
173 116 178 117
173 110 174 115
175 114 179 115
175 112 179 113
175 110 179 111
170 120 170 129
171 120 171 129
172 120 172 129
173 120 173 129
174 128 179 129
174 126 179 127
174 120 175 125
176 120 177 125
178 120 179 125
179 130 179 139
178 130 178 139
177 130 177 139
176 130 176 139
170 138 175 139
170 136 175 137
174 130 175 135
172 130 173 135
170 130 171 135
170 149 179 149
179 140 179 148
170 148 178 148
170 147 178 147
170 146 178 146
177 140 178 145
175 140 176 145
170 144 174 145
172 140 174 143
170 140 171 143
170 159 179 159
170 158 179 158
170 157 179 157
170 156 179 156
178 150 179 155
176 150 177 155
174 150 175 155
172 150 173 155
170 150 171 155
179 160 179 169
177 164 178 169
176 160 176 169
170 168 175 169
174 162 175 167
170 166 173 167
170 163 173 165
170 160 173 162
179 170 179 179
178 170 178 179
170 179 177 179
177 170 177 178
176 170 176 178
170 177 175 178
170 175 175 176
174 170 175 174
170 172 173 174
170 170 173 171
170 180 179 180
170 181 179 181
170 182 179 182
170 183 179 183
170 184 179 184
170 185 179 185
177 186 179 189
174 186 176 189
170 186 173 187
170 188 173 189
170 190 170 199
171 190 179 190
171 191 179 191
171 192 171 199
172 192 172 199
173 192 178 193
173 194 174 199
175 194 176 199
177 194 179 196
177 197 179 199
179 200 179 209
178 200 178 209
177 200 177 209
176 200 176 209
170 208 175 209
170 206 175 207
170 204 175 205
173 200 175 203
170 200 172 203
179 210 179 219
178 210 178 219
177 210 177 219
176 210 176 219
170 218 175 219
170 216 175 217
174 210 175 215
172 210 173 215
170 210 171 215
170 229 179 229
170 228 179 228
170 227 179 227
170 226 179 226
178 220 179 225
176 220 177 225
174 220 175 225
172 220 173 225
170 220 171 225
179 230 179 239
170 230 178 230
170 231 178 231
170 232 178 232
170 233 178 233
170 234 178 234
170 235 178 235
176 236 178 239
170 236 175 237
170 238 175 239
179 240 179 249
178 240 178 249
177 240 177 249
176 240 176 249
170 240 175 241
170 242 175 243
174 244 175 249
172 244 173 249
170 244 171 249
189 0 189 9
188 0 188 9
182 8 187 9
180 7 187 7
186 1 187 6
180 5 185 6
184 0 185 4
180 2 183 4
180 0 183 1
180 10 189 10
180 11 189 11
180 12 189 12
180 13 189 13
188 14 189 19
186 14 187 19
184 14 185 19
180 14 183 16
180 17 183 19
189 20 189 29
188 20 188 29
187 20 187 29
186 20 186 29
180 20 185 21
180 22 185 23
184 24 185 29
182 24 183 29
180 24 181 29
189 30 189 39
188 30 188 39
187 30 187 39
186 30 186 39
180 38 185 39
180 36 185 37
184 30 185 35
182 30 183 35
180 30 181 35
180 40 189 40
189 41 189 49
180 41 188 41
180 42 188 42
187 43 188 48
181 43 186 44
181 45 186 46
183 47 186 49
180 47 182 49
184 58 189 59
180 57 189 57
180 56 189 56
188 50 189 55
186 50 187 55
180 54 185 55
183 50 185 53
180 50 182 53
180 60 180 69
181 60 181 69
182 60 182 69
183 60 183 69
184 60 189 61
184 62 185 67
186 62 189 64
186 65 187 69
188 65 189 69
180 70 180 79
181 70 181 79
182 70 182 79
183 70 183 79
184 78 189 79
184 76 189 77
184 70 185 75
186 73 189 75
186 70 189 72
180 80 189 80
180 81 189 81
180 82 189 82
180 83 189 83
188 84 189 89
186 84 187 89
180 84 185 85
183 86 185 89
180 86 182 89
180 90 189 90
180 91 189 91
180 92 189 92
180 93 189 93
188 94 189 99
186 94 187 99
184 94 185 99
182 94 183 99
180 94 181 99
184 100 189 101
180 102 189 102
180 103 189 103
188 104 189 109
186 104 187 109
184 104 185 109
180 104 183 106
180 107 183 109
180 100 183 101
180 119 189 119
180 118 189 118
180 117 189 117
180 116 189 116
188 110 189 115
186 110 187 115
184 110 185 115
180 113 183 115
180 110 183 112
180 129 189 129
180 128 189 128
180 127 189 127
180 126 189 126
188 120 189 125
186 120 187 125
184 120 185 125
182 120 183 125
180 120 181 125
180 139 189 139
180 133 181 138
182 133 183 138
184 137 189 138
184 135 189 136
184 133 189 134
184 130 186 132
187 130 189 132
180 130 183 132
189 140 189 149
188 140 188 149
187 140 187 149
186 140 186 149
180 140 185 141
180 142 185 143
184 144 185 149
182 144 183 149
180 144 181 149
180 150 189 150
180 151 189 151
180 152 189 152
180 153 189 153
188 154 189 159
180 154 187 154
182 155 187 156
184 157 187 159
180 157 183 159
189 160 189 169
180 169 188 169
180 168 188 168
180 167 188 167
180 166 188 166
187 160 188 165
185 160 186 165
183 160 184 165
180 163 182 165
180 160 182 162
189 170 189 179
187 174 188 179
186 170 186 179
180 178 185 179
180 176 185 177
184 170 185 175
182 170 183 175
180 170 181 175
180 189 189 189
180 188 189 188
180 187 189 187
180 186 189 186
188 180 189 185
186 180 187 185
184 180 185 185
180 183 183 185
180 180 183 182
189 190 189 199
188 190 188 199
182 190 187 191
180 192 187 192
180 193 187 193
186 194 187 199
180 194 185 195
183 196 185 199
180 196 182 199
180 200 189 200
180 201 189 201
180 202 189 202
180 203 189 203
188 204 189 209
186 204 187 209
184 204 185 209
182 204 183 209
180 204 181 209
180 219 189 219
188 213 189 218
182 217 187 218
182 215 187 216
180 214 187 214
185 210 187 213
182 210 184 213
180 210 181 213
180 220 180 229
181 220 181 229
182 220 187 221
182 222 183 227
184 222 189 223
184 224 189 225
184 226 186 229
187 226 189 229
189 230 189 239
180 230 188 230
180 231 188 231
180 232 188 232
180 233 188 233
187 234 188 239
185 234 186 239
180 234 184 235
182 236 184 239
180 236 181 239
189 240 189 249
188 240 188 249
187 240 187 249
186 240 186 249
180 248 185 249
180 246 185 247
184 240 185 245
182 240 183 245
180 240 181 245
194 0 199 1
190 2 199 2
190 3 199 3
198 4 199 9
196 4 197 9
194 4 195 9
190 4 193 6
190 7 193 9
190 10 199 10
190 11 199 11
198 12 199 17
197 12 197 19
195 12 196 17
194 12 194 19
190 12 193 14
190 15 193 17
190 18 193 19
190 20 199 20
190 21 199 21
190 22 199 22
198 23 199 28
196 23 197 28
190 23 195 24
190 25 195 26
193 27 195 29
190 27 192 29
199 30 199 39
190 30 198 30
190 31 198 31
190 32 198 32
190 33 198 33
197 34 198 39
195 34 196 39
193 34 194 39
191 34 192 39
190 40 199 40
190 41 190 49
191 41 191 49
192 41 192 49
193 41 193 49
194 41 199 42
194 43 197 45
194 46 196 49
197 46 199 49
190 50 199 50
190 51 199 51
190 52 199 52
190 53 199 53
198 54 199 59
196 54 197 59
194 54 195 59
192 54 193 59
190 54 191 59
199 60 199 69
190 60 198 60
190 61 198 61
190 62 198 62
190 63 198 63
197 64 198 69
195 64 196 69
193 64 194 69
190 64 192 66
190 67 192 69
190 70 199 70
190 71 199 71
190 72 199 72
190 73 199 73
198 74 199 79
196 74 197 79
194 74 195 79
192 74 193 79
190 74 191 79
190 80 199 80
190 81 199 81
198 82 199 87
196 82 197 87
190 82 195 83
194 84 195 89
190 84 193 86
190 87 193 89
198 90 199 95
197 90 197 99
196 90 196 99
190 90 195 91
190 92 195 93
194 94 195 99
192 94 193 99
190 94 191 99
190 104 191 109
192 100 192 109
193 100 193 109
194 108 199 109
194 106 199 107
194 100 195 105
196 100 197 105
198 100 199 105
194 110 199 111
190 112 199 112
190 113 199 113
198 114 199 119
196 114 197 119
194 114 195 119
192 114 193 119
190 114 191 119
194 120 199 121
190 122 199 122
190 123 199 123
198 124 199 129
196 124 197 129
190 124 195 125
193 126 195 129
190 126 192 129
190 130 190 139
191 130 191 139
192 130 192 139
193 130 193 139
194 138 199 139
194 136 199 137
194 130 195 135
196 130 197 135
198 130 199 135
190 140 190 149
191 149 199 149
191 148 199 148
191 142 192 147
193 140 193 147
194 146 199 147
194 140 195 145
196 140 197 145
198 140 199 145
198 154 199 159
197 150 197 159
196 150 196 159
190 158 195 159
190 156 195 157
194 150 195 155
192 150 193 155
190 150 191 155
198 160 199 165
196 160 197 165
190 160 195 161
190 162 195 163
194 164 195 169
192 164 193 169
190 164 191 169
196 166 199 168
190 170 190 179
191 170 191 179
192 170 192 179
193 170 193 179
194 178 199 179
194 176 199 177
194 170 195 175
196 173 199 175
196 170 199 172
190 180 199 180
190 181 199 181
190 182 199 182
190 183 199 183
198 184 199 189
196 184 197 189
194 184 195 189
192 184 193 189
190 184 191 189
199 190 199 199
198 190 198 199
197 190 197 199
191 198 196 199
191 196 196 197
191 194 196 195
195 190 196 193
193 190 194 193
190 190 192 193
190 209 199 209
190 208 199 208
190 207 199 207
190 206 199 206
198 200 199 205
196 200 197 205
194 200 195 205
192 200 193 205
190 200 191 205
199 210 199 219
198 210 198 219
197 210 197 219
196 210 196 219
190 210 195 211
194 212 195 217
193 212 193 219
190 212 192 215
190 216 192 219
190 220 190 229
191 220 191 229
192 220 192 229
193 220 193 229
194 220 194 229
195 220 195 229
196 227 199 229
196 225 199 226
196 223 199 224
196 220 199 222
190 230 199 230
190 231 199 231
190 232 199 232
190 233 199 233
190 234 199 234
190 235 199 235
197 236 199 239
191 236 196 237
191 238 196 239
190 240 199 240
190 241 199 241
190 242 199 242
190 243 191 248
192 243 193 248
194 243 199 244
194 245 195 249
196 245 199 247
196 248 199 249
