@ 11.2018
    -29.11 - #2 (M/S);
             #3 (M/S);

@ 12.2018
    -2.12 https://www.hackerrank.com/challenges/big-sorting (E/S)
          https://www.hackerrank.com/challenges/the-grid-search (M/S)

    -3.12 https://www.hackerrank.com/challenges/ctci-making-anagrams/ (E/S)

    -5.12 https://www.hackerrank.com/challenges/manasa-and-stones/ (E/S)
    -5.12 https://www.hackerrank.com/challenges/almost-sorted (M/S)

    -11.01 https://www.hackerrank.com/challenges/caesar-cipher-1/problem (E/S)

    -13.01 https://www.hackerrank.com/challenges/weighted-uniform-string (E/S)

    -12.12 https://www.hackerrank.com/challenges/matrix-rotation-algo (H/S)

    -13.12 https://www.hackerrank.com/challenges/camelcase/ (E/S)
    -13.12 https://www.hackerrank.com/challenges/strong-password/ (E/S)

@ 01.2019
    -9.01 https://www.hackerrank.com/challenges/two-pluses/ (E/S)
    -9.01 https://www.hackerrank.com/challenges/lilys-homework (M/H)

    -14.01 https://www.hackerrank.com/challenges/mars-exploration/ E/S

    -15.01 https://leetcode.com/problems/swap-nodes-in-pairs/ M/S
    -15.01 https://leetcode.com/problems/3sum/ M/S