750
1
79 961
398 622
458 552
415 582
492 523
419 752
403 595
257 710
482 528
427 577
387
413 585
0 999
363 973
152 868
426 578
452 562
417 581
375 619
2 995
459 548
366 892
466 603
175 798
84 947
227 751
464 545
382 618
405 637
373 620
372 624
6 993
432 572
422 580
434 571
407 590
476 535
180 797
327 665
271 698
399 600
376 659
484 527
253 714
465 544
409 587
454 558
474 542
428 573
475 537
190 793
437 568
384 664
385 615
390 945
461 547
478 534
401 599
8 991
402 598
424 579
10 990
12 988
408 589
386 612
414 583
994
191 789
395 601
438 566
392 608
410 586
455 553
388 609
443 564
97 930
207 769
383 617
368 628
394 607
469 543
444 563
133 853
18 984
15 985
371 625
481 529
20 982
343 636
467
104 898
353 632
26 981
468
546
355 818
158 828
495 521
245
306 676
264 703
286
490 524
331 660
324 666
745
514
335 783
487 525
237 740
497
365 630
494 522
221 760
899
231 750
337 662
27 980
255
567
310 674
855
30 977
288 689
269 700
248 720
457
435
359 631
246 721
339 651
294
250 716
117 879
704
450
249 717
732
259 709
285 696
336 657
58 943
322 668
93 904
119 873
105 891
123 872
318 673
297 683
124 871
338 653
330 661
358
118 876
182 796
803
472
198 782
332
736
345 634
280 697
304 681
923
638
134 847
321 670
307 675
416
430
356
341 643
344 635
31 974
252 715
199 781
290 685
200 774
761
291 695
933
32 968
509
36 967
350 633
37 965
40 960
67 929
54 94
114 883
295 684
204 773
418 470
59 941
161 816
185 794
289 686
270 699
908
859
238 737
623
44 958
47 956
46 957
80 915
55 979
242 735
61 940
256 711
756
433
266 701
163 813
147 835
262 858
49 953
51 952
52 949
719
775
57 946
64 937
65 934
244 726
128 862
183 795
273 916
66 932
68 928
137 846
445 447
263 705
234 749
126 861
500
559
131 996
236 744
488
69 927
223 759
172 801
71 920
206 770
551
536
723
647
830
215 763
72 919
539
138 841
143 840
557
869
218 762
498 518
76 918
867
939
195 788
115 882
82 912
728
576
85 911
86 910
91 909
188 866
156 824
95 903
733
936
157 884
96 902
501 517
214 765
831
160 817
99 901
243 731
162 814
645
951
101 897
802
102 894
503 513
155 825
964
108 885
116 881
144 838
496 511
129 857
130 856
663
146 837
165 810
224 758
168 808
150 834
151 833
153 832
169 806
171 805
629
173 800
226 753
706
688
652
992
680
812
983
654
718
702
655
924
658
784
671
678
667
870
682
865
776
708
820
747
819
742
727
692
907
729
771
739
724
722
888
743
836
738
886
845
764
53 88
962
978
449 471
887
730
755
815
746
741
754
772
852
889
786
778
848
768
829
757
913
807
906
926
791
766
777
998
821
826
799
780
787
779
804
880
850
878
963
860
510 512
950
839
792
842
922
931
823
895
896
827
970
921
843
890
925
942
864
877
975
844
914
971
972
893
874
944
948
954
851
905
875
849
863
966
935
854
900
917
938
955
959
997
969
976
986
989
987
3
4
5
7
9
11
13
14
16
17
19
21
22
23
24
25
28
29
33
34
35
38
39
41
42
43
45
48
50
56
60
62
63
70
73
74
75
77
78
81
83
87
89
90
92
98
100
103
106
107
109
110
111
112
113
120
121
122
125
127
132
135
136
139
140
141
142
145
148
149
154
159
164
166
167
170
174
176
177
178
179
181
184
186
187
189
192
193
194
196
197
201
202
203
205
208
209
210
211
212
213
216
217
219
220
222
225
228
229
230
232
233
235
239
240
241
247
251
254
258
260
261
265
267
268
272
274
275
276
277
278
279
281
282
283
284
287
292
293
296
298
299
300
301
302
303
305
308
309
311
312
313
314
315
316
317
319
320
323
325
326
328
329
333
334
340
342
346
347
348
349
351
352
354
357
360
361
362
364
367
369
370
374
377
378
379
380
381
389
391
393
396
397
400
404
406
411
412
420
421
423
425
429
431
436
439
440
441
442
446
448
451
453
456
460
462
463
473
477
479
480
483
485
486
489
491
493
499
502
504
505
506
507
508
515
516
519
520
526
530
531
532
533
538
540
541
549
550
554
555
556
560
561
565
569
570
574
575
584
588
591
592
593
594
596
597
602
604
605
606
610
611
613
614
616
621
626
627
639
640
641
642
644
646
648
649
650
656
669
672
677
679
687
690
691
693
694
707
712
713
725
734
748
767
785
790
809
811
822
