1000
725 28860
728 28946
730 29592
731 29621
732 30004
734 30051
735 30896
736 32097
737 32821
738 34312
739 34405
740 34611
741 37016
742 38003
743 38871
744 39786
747 40648
749 41687
750 41964
752 43498
753 44619
754 44637
755 44842
756 45818
757 46966
758 49727
759 51185
760 51383
761 52710
763 54045
764 54469
768 55259
770 56384
771 57510
772 58577
776 59573
777 60151
780 61484
781 63102
782 63800
783 63884
784 65630
786 65668
787 67813
788 69870
791 70594
792 71460
794 71938
798 73049
804 73174
806 74021
810 74258
811 74299
812 74607
813 74670
814 75188
815 75423
816 75609
820 75968
823 77835
826 78615
827 79350
829 79777
831 79825
832 82338
833 82487
835 82524
837 82543
838 82656
839 83304
840 83454
841 83640
843 83689
844 84157
846 85189
847 86111
848 88146
849 88953
851 89527
854 4958
855 6155
857 8788
858 9502
859 13327
860 15418
861 15492
865 16438
866 16863
867 17169
868 18380
871 31692
872 31863
874 33837
879 35277
880 36167
885 36788
887 36844
888 37527
889 37532
890 38872
891 39458
892 40348
893 40572
894 41767
895 41909
898 41950
899 42367
901 44365
902 45374
903 45872
906 46245
907 46661
908 48251
910 48456
911 49386
914 50152
915 50382
917 51669
919 51807
920 53205
921 55371
922 55540
923 55781
924 61636
927 63576
928 67118
929 67505
931 69803
934 70058
935 71582
936 72266
937 75030
938 75484
939 75739
941 76003
942 76245
943 78406
944 78448
945 79663
946 79675
949 80388
951 80462
952 80508
953 85474
955 87364
957 89076
958 3596
963 5413
964 11423
965 3600
967 17379
968 19206
969 4572
971 23052
972 25352
973 26123
974 33078
975 35019
976 35977
980 38994
981 40522
983 46321
984 46668
987 48602
988 48617
990 53842
991 54372
993 58492
994 61457
995 63090
997 63798
998 64316
999 65038
1000 65201
1001 66260
1002 66834
1003 67025
1006 68074
1008 71062
1009 72122
1010 73433
1011 73686
1012 73696
1013 74025
1014 74554
1015 75681
1016 75749
1017 76222
1019 83003
1020 84088
1021 85934
1023 86846
1024 87498
1025 88989
1028 89460
1029 89689
1031 5437
1032 7396
1034 8390
1035 13544
1038 14831
1040 17960
1042 18896
1044 19181
1046 19892
1047 21818
1048 22161
1050 23872
1052 26113
1053 26155
1054 26863
1055 28893
1058 29110
1060 29391
1062 32712
1063 33796
1064 38044
1065 39813
1066 41039
1067 41044
1068 41569
1069 42699
1071 43553
1074 45709
1076 46666
1079 48468
1080 48976
1081 49307
1082 52719
1083 58316
1087 58798
1088 59393
1089 60100
1091 61105
1092 61218
1093 61234
1095 61357
1096 61456
1099 62145
1102 62273
1103 63552
1104 64869
1105 67527
1107 72212
1108 72333
1109 74865
1110 76825
1111 78320
1114 78586
1115 79017
1116 79154
1118 80524
1119 81979
1120 84470
1121 85008
1122 85905
1123 86794
1124 87574
1126 88874
1127 4626
1128 6076
1130 6563
1131 7123
1132 7346
1133 7348
1134 7901
1135 8572
1136 8578
1139 9077
1140 9834
1143 11110
1148 11116
1150 11943
1151 12186
1152 12599
1153 13047
1155 13996
1156 14258
1158 14512
1159 14858
1160 15209
1163 15223
1164 15288
1165 15977
1167 16185
1168 16498
1170 16622
1171 17512
1172 17569
1176 18626
1177 18740
1178 18787
1181 20084
1185 20604
1186 21007
1189 21595
1191 23210
1192 26030
1193 26038
1194 27712
1195 27793
1196 28751
1199 28968
1203 29291
1204 30236
1205 30339
1208 31922
1209 32064
1210 33812
1211 34516
1212 35707
1213 35723
1214 36398
1215 36954
1216 37397
1217 37420
1218 40314
1219 40560
1220 40967
1221 41245
1222 41261
1223 41510
1224 42612
1227 42786
1228 43622
1230 43705
1231 44617
1232 45312
1234 45840
1235 46515
1236 47043
1237 47434
1241 47709
1245 48501
1248 49865
1250 50043
1253 52366
1255 52919
1257 53194
1258 53627
1259 53885
1261 54145
1262 54243
1263 57008
1265 57930
1266 58132
1269 58523
1270 60054
1271 61667
1272 62331
1273 62564
1276 62645
1278 62850
1280 62988
1281 63455
1285 63677
1286 64191
1287 64610
1288 64817
1291 65160
1294 65611
1295 66404
1298 66533
1299 66784
1300 66925
1302 67652
1304 68491
1305 69007
1306 69369
1308 69671
1310 69763
1311 70203
1312 70609
1313 70769
1315 72049
1316 72169
1317 72855
1318 73082
1319 73468
1320 74612
1321 75939
1322 76226
1324 76875
1326 77905
1327 78023
1328 80888
1329 82324
1330 83387
1333 85808
1334 86522
1335 87981
1336 88566
1337 89261
1339 4756
1340 6352
1341 6604
1344 10106
1345 10124
1347 10138
1348 13199
1349 13850
1350 15068
1351 15178
1352 16018
1354 19700
1355 19869
1356 20592
1357 22106
1358 22198
1359 25933
1362 26467
1363 26470
1364 27522
1366 27821
1367 29213
1368 32505
1369 32538
1370 34275
1371 34518
1374 34741
1375 35955
1376 42084
1377 44618
1378 46098
1379 46981
1380 47030
1381 48108
1382 48328
1384 48707
1385 48860
1392 50826
1393 52634
1394 55215
1395 57385
1396 58363
1399 60259
1401 60450
1403 60801
1404 62262
1406 62472
1407 68122
1408 69132
1416 71970
1417 72590
1418 72644
1419 72996
1421 73305
1422 73802
1423 76751
1424 79014
1426 80263
1428 81960
1431 82896
1432 83148
1433 83214
1435 84117
1436 85086
1437 85566
1438 88206
1441 88464
1444 4475
1449 5483
1451 6098
1455 6960
1456 8056
1458 8662
1461 9499
1464 9968
1465 11631
1466 12085
1467 14626
1469 16563
1470 16978
1471 17033
1472 18056
1475 18344
1476 18355
1477 18576
1479 21041
1480 21232
1481 21338
1482 21816
1483 21850
1484 23416
1485 23663
1486 24053
1487 24234
1488 24405
1489 25290
1490 26447
1492 26479
1494 26887
1497 27490
1498 27666
1499 29797
1500 29991
1501 30998
1502 31030
1503 31917
1504 32295
1505 32586
1506 32869
1507 34301
1508 34745
1510 35230
1511 35264
1513 35396
1514 36140
1517 36479
1518 36487
1520 37043
1525 38590
1526 38973
1527 40951
1528 40985
1529 41236
1530 42428
1532 42659
1535 42801
1537 42838
1538 43015
1539 43526
1540 44469
1542 45887
1543 45910
1544 46284
1545 48287
1546 48376
1548 48963
1550 50201
1552 50670
1553 50712
1556 51009
1557 52898
1560 53335
1561 54717
1563 55253
59065 60785
1564 55338
1566 55762
1567 56423
1568 57651
1569 57961
1570 57990
1571 60608
1572 60891
1573 60920
1574 60944
1575 61396
1576 62250
1577 63480
1578 63547
1579 64295
1580 64389
1582 64694
1583 65239
1584 65270
1586 66138
1588 67681
1589 67939
1590 68211
1591 68550
1592 68585
1593 69206
1594 71980
1595 72232
1596 72838
1597 74460
1598 74832
1599 75938
1601 76328
1602 76626
1603 76969
1604 77446
1605 77786
1606 78482
1609 79073
1610 79493
1612 80012
1613 80848
1615 81132
1616 82797
1617 84146
1618 84199
1620 84360
1621 84681
1623 84705
1624 84844
1625 85135
1626 85559
1629 85990
1630 86516
1631 87490
1632 89040
1633 89477
1634 89747
1637 6877
1638 10549
1639 11636
1641 12217
1642 12703
1644 12819
1645 12903
1646 14677
1648 16171
1649 17427
1652 19451
1653 19642
1654 21427
1656 22251
1658 22937
1660 23002
1661 24469
1662 27258
1663 29649
1666 30043
1667 30318
1669 31194
1670 31217
1671 32220
1673 33368
1677 33699
1678 34890
1679 34895
1680 36761
1683 37754
1684 39022
1685 41280
1687 42566
1688 47341
1689 53711
1691 54104
1692 58792
1693 63462
1694 64894
1696 68176
1697 68274
1698 69391
1699 69661
1701 73332
1702 74631
1703 75573
1705 77625
1708 78152
1709 78509
1710 81529
1711 81544
1712 86586
1715 87292
1716 87963
1717 88655
1718 4231
1720 4330
1721 4588
1722 6239
1723 6376
1724 7518
1726 7555
1727 8145
1728 9777
1729 10794
1730 10810
1731 11633
1732 11881
1733 12190
1734 13326
1736 13730
1738 15176
1740 15221
1741 15636
1743 22644
1744 23534
1746 24684
1748 25174
1749 26669
1750 33844
1751 36264
1752 36778
1756 38610
1758 39011
1759 40278
1760 40736
1761 41587
1763 41987
1764 42038
1765 45035
1766 48863
1767 50409
1769 50431
1770 50795
1772 51765
1774 51840
1775 52397
1778 52939
1780 55884
1781 56037
1782 57916
1783 59846
1784 60882
1785 61329
1786 62844
1787 63555
1788 66558
1789 66943
1791 67138
1792 75849
1793 77974
1795 80657
1797 81004
1799 81526
1800 81841
1803 82622
1804 85588
1805 88362
1806 89137
1807 4774
1808 4410
1809 7429
1811 8350
1813 8353
1814 9053
1815 9084
1816 9562
1818 11233
1819 12537
1820 12816
1821 12927
1823 13669
1824 14419
1825 14582
1826 14661
1827 15526
1829 15626
1830 16209
1831 16217
1832 18510
1833 18601
1834 18762
1836 19989
1838 20363
1840 21316
1841 21933
1844 22731
1846 25263
1847 27171
1848 27884
1849 31084
1850 31142
1851 31242
1852 32079
1854 32328
1855 32385
1856 32412
1857 32623
1858 33516
1859 33980
1860 34528
1861 34579
1862 34887
1863 35005
1864 35418
1865 36334
1866 36661
1867 36933
1868 37154
1871 37270
1872 39325
1873 39591
1875 41075
1878 41613
1881 41825
1882 42306
1883 42413
1884 42562
1885 44410
1887 44588
1888 45086
1889 46482
1890 46690
1893 47496
1894 47852
1895 50310
1896 51459
1897 51881
1898 52802
1901 52915
1902 53128
1903 53482
1906 54789
1907 55204
1908 55546
1909 55921
1911 56064
1914 58255
1915 58308
1916 58708
1917 58999
1918 59141
1919 60068
1920 60455
1921 61223
1922 61897
1924 62442
1925 62501
1926 62855
1927 63173
1928 63519
1930 64174
1935 64661
1936 68262
1939 69613
1941 70543
1943 70807
1944 71293
1945 72819
1946 73427
1947 73795
1948 74360
1949 74501
1950 74628
1951 74899
1952 75817
1953 75837
1954 75957
1956 76764
1957 77821
1958 78232
1959 78325
1960 79612
1961 79933
1962 81460
1964 82931
1966 84594
1967 84718
1969 84995
1970 85351
1971 85518
1974 85818
1975 86704
1976 87104
1978 87239
1979 87819
1982 88098
1983 89309
1984 89804
1986 10410
1988 10521
1990 10668
1991 11335
1992 12385
1993 12788
1995 13225
1997 13406
1998 13484
1999 15206
2000 16215
2001 19415
2005 19671
2006 21097
2009 21995
2010 24260
2012 24607
2013 24805
2015 25602
2018 26634
2019 26827
2020 27017
2021 28711
2023 32007
2024 33056
2025 33471
2027 34378
2028 38007
2029 39401
2030 40964
2032 41086
2033 41494
2034 42294
2035 42401
2037 43742
2038 43963
2040 44487
2048 46898
2049 52535
2053 52622
2054 53322
2056 54113
2058 55731
2060 55997
2062 58199
2067 60916
2068 61709
2071 62990
2073 64494
2074 65162
2076 65432
2077 65904
2081 68240
2083 70237
2085 70790
2086 73066
2087 73476
2088 74307
2092 76061
2093 76089
2094 78264
2096 78957
2097 79142
2098 81650
2099 85649
2100 89877
2101 4895
2103 5023
2104 6059
2105 11536
2106 11826
2107 14215
2108 15034
2111 17329
2113 17985
2116 20521
2117 20660
2119 21156
2120 25785
2121 26148
2122 28768
2123 30964
2124 31309
2125 33026
2126 36287
2128 38075
2129 39369
2130 42065
2132 43673
2134 44814
2136 45244
2139 46000
2142 46252
2143 47833
2145 49882
2146 52203
2147 52918
2148 53660
2151 53771
2153 54659
2154 55303
2155 57075
2156 57850
2159 58406
2160 59857
2163 60970
2164 61365
2166 62718
2168 64650
2171 64798
2175 66054
2176 66458
2177 66801
2178 66846
2179 68249
2182 69785
2183 70224
2184 71587
2186 72587
2188 74686
2189 75289
2192 75483
2193 75670
2194 77133
2197 77480
2198 78007
2200 78127
2201 78650
2202 78913
2204 81040
2208 84615
2211 88891
2215 6157
2217 6231
2219 6930
2220 7608
2221 8266
2222 8510
2223 8935
2224 9392
2225 10132
2227 13575
2228 14034
2229 14703
2230 15013
2231 15952
2233 16514
2234 17007
2235 19618
2237 19737
2238 20341
2239 20568
2242 22175
2244 22488
2245 23161
